[12:03:22] [modloading-worker-0/INFO] ========================================
[12:03:22] [modloading-worker-0/INFO] Minecraft: 1.18.2
[12:03:22] [modloading-worker-0/INFO] Side: server
[12:03:22] [modloading-worker-0/INFO] Development: false
[12:03:22] [modloading-worker-0/INFO] Version: 8.3.618
[12:03:22] [modloading-worker-0/INFO] Loader:
[12:03:22] [modloading-worker-0/INFO] - Forge: 40.2.21
[12:03:22] [modloading-worker-0/INFO] Dependencies:
[12:03:22] [modloading-worker-0/INFO] - Cloth Config: 6.5.102
[12:03:22] [modloading-worker-0/INFO] - Architectury: 4.11.93
[12:03:22] [modloading-worker-0/INFO] Mixin: 0.8.5
[12:03:22] [modloading-worker-0/INFO] OS: Linux 6.8.0-1030-azure (amd64)
[12:03:22] [modloading-worker-0/INFO] Java: 17.0.16 (Ubuntu)
[12:03:22] [modloading-worker-0/INFO] ========================================
[12:03:22] [modloading-worker-0/INFO] Mods:
[12:03:22] [modloading-worker-0/INFO] - additional_lights: 2.1.4
[12:03:22] [modloading-worker-0/INFO] - additionalbars: 3.0.1-beta
[12:03:22] [modloading-worker-0/INFO] - adhooks: 8.0.0.0
[12:03:22] [modloading-worker-0/INFO] - ageofweapons: 0.7.2
[12:03:22] [modloading-worker-0/INFO] - aiimprovements: 0.5.2
[12:03:22] [modloading-worker-0/INFO] - alcocraft: 1.0.0
[12:03:22] [modloading-worker-0/INFO] - alexsmobs: 1.18.6
[12:03:22] [modloading-worker-0/INFO] - alternate_current: 0.0NONE
[12:03:22] [modloading-worker-0/INFO] - ambientsounds: 5.0.16
[12:03:22] [modloading-worker-0/INFO] - aqcaracal: 1.18.2-1.0-forge
[12:03:22] [modloading-worker-0/INFO] - aqua_creepers: 2.0.0
[12:03:22] [modloading-worker-0/INFO] - aquaculture: 1.18.2-2.3.12
[12:03:22] [modloading-worker-0/INFO] - aquamirae: 5.api10
[12:03:22] [modloading-worker-0/INFO] - architectury: 4.11.93
[12:03:22] [modloading-worker-0/INFO] - artifacts: 1.18.2-4.2.2
[12:03:22] [modloading-worker-0/INFO] - asynclocator: 1.18.2-1.1.0
[12:03:22] [modloading-worker-0/INFO] - atmospheric: 4.0.0
[12:03:22] [modloading-worker-0/INFO] - autoreglib: 1.7-52
[12:03:22] [modloading-worker-0/INFO] - awesomedungeon: 3.2.0
[12:03:22] [modloading-worker-0/INFO] - awesomedungeonend: 3.1.1
[12:03:22] [modloading-worker-0/INFO] - awesomedungeonnether: 3.1.1
[12:03:22] [modloading-worker-0/INFO] - ba_bt: 1.18.2-2.3.12
[12:03:22] [modloading-worker-0/INFO] - balm: 3.2.6
[12:03:22] [modloading-worker-0/INFO] - bcc: 1.1.21-build.48+mc1.18.2
[12:03:22] [modloading-worker-0/INFO] - betteradvancements: 0.2.0.146
[12:03:22] [modloading-worker-0/INFO] - betterbiomeblend: 1.3.5-forge
[12:03:22] [modloading-worker-0/INFO] - betterdeserttemples: 1.18.2-Forge-1.3.1
[12:03:22] [modloading-worker-0/INFO] - betterfortresses: 1.18.2-Forge-1.0.0
[12:03:22] [modloading-worker-0/INFO] - bettermineshafts: 1.18.2-Forge-2.2
[12:03:22] [modloading-worker-0/INFO] - betteroceanmonuments: 1.18.2-Forge-1.0.3
[12:03:22] [modloading-worker-0/INFO] - betterstrongholds: 1.18.2-Forge-2.1.1
[12:03:22] [modloading-worker-0/INFO] - betterthirdperson: 1.9.0
[12:03:22] [modloading-worker-0/INFO] - beyond_earth: 6.2
[12:03:22] [modloading-worker-0/INFO] - biomesoplenty: 0.0NONE
[12:03:22] [modloading-worker-0/INFO] - blue_skies: 1.3.12
[12:03:22] [modloading-worker-0/INFO] - blueprint: 5.5.0
[12:03:22] [modloading-worker-0/INFO] - bookshelf: 13.3.56
[12:03:22] [modloading-worker-0/INFO] - born_in_chaos_v1: 1.0.0
[12:03:22] [modloading-worker-0/INFO] - borzoi_dogs: 1.0.0
[12:03:22] [modloading-worker-0/INFO] - botania: 1.18.2-435
[12:03:22] [modloading-worker-0/INFO] - byg: 1.4
[12:03:22] [modloading-worker-0/INFO] - bygonenether: 1.3.0
[12:03:22] [modloading-worker-0/INFO] - canary: 0.2.3
[12:03:22] [modloading-worker-0/INFO] - capybaramod: 0.0.1
[12:03:22] [modloading-worker-0/INFO] - cat_jam: 1.0.1
[12:03:22] [modloading-worker-0/INFO] - cataclysm: 1.0
[12:03:22] [modloading-worker-0/INFO] - chipped: 2.0.1
[12:03:22] [modloading-worker-0/INFO] - chococraft: 0.5.2
[12:03:22] [modloading-worker-0/INFO] - chunky: 1.2.164
[12:03:22] [modloading-worker-0/INFO] - citadel: 1.11.3
[12:03:22] [modloading-worker-0/INFO] - cloth_config: 6.5.102
[12:03:22] [modloading-worker-0/INFO] - clumps: 8.0.0+17
[12:03:22] [modloading-worker-0/INFO] - cmdcam: 2.0.16
[12:03:22] [modloading-worker-0/INFO] - configmenusforge: 3.2.0
[12:03:22] [modloading-worker-0/INFO] - conjurer_illager: 1.1.1
[12:03:22] [modloading-worker-0/INFO] - connectivity: 1.18.2-3.2
[12:03:22] [modloading-worker-0/INFO] - controlling: 9.0+23
[12:03:22] [modloading-worker-0/INFO] - copperoverhaul: 22.10.11
[12:03:22] [modloading-worker-0/INFO] - cosmeticarmorreworked: 1.18.2-v2a
[12:03:22] [modloading-worker-0/INFO] - creativecore: 0.0NONE
[12:03:22] [modloading-worker-0/INFO] - creeperoverhaul: 1.3.1
[12:03:22] [modloading-worker-0/INFO] - crittersandcompanions: 1.18.2-1.0.2
[12:03:22] [modloading-worker-0/INFO] - croptopia: 2.1.0
[12:03:22] [modloading-worker-0/INFO] - croptopia_additions: 2.0.0.
[12:03:22] [modloading-worker-0/INFO] - culllessleaves: 1.18.2-1.0.5
[12:03:22] [modloading-worker-0/INFO] - curios: 1.18.2-5.0.9.1
[12:03:22] [modloading-worker-0/INFO] - damagetilt: 0.1.1
[12:03:22] [modloading-worker-0/INFO] - darkerdepths: 1.18.2-1.0.6-patch4
[12:03:22] [modloading-worker-0/INFO] - debugify: 1.11.0
[12:03:22] [modloading-worker-0/INFO] - defaultoptions: 14.1.2
[12:03:22] [modloading-worker-0/INFO] - deuf: 1.18.2-1.3
[12:03:22] [modloading-worker-0/INFO] - dragonfight: 1.18.2-2.2
[12:03:22] [modloading-worker-0/INFO] - dreadsteel: 1.18.2-1.1.4.2
[12:03:22] [modloading-worker-0/INFO] - drippyloadingscreen: 2.2.2
[12:03:22] [modloading-worker-0/INFO] - dual_riders: 1.1.1
[12:03:22] [modloading-worker-0/INFO] - dummmmmmy: 1.18-1.5.2
[12:03:22] [modloading-worker-0/INFO] - dungeoncrawl: 2.3.14
[12:03:22] [modloading-worker-0/INFO] - dungeons_arise: 2.1.52-1.18.2
[12:03:22] [modloading-worker-0/INFO] - dungeons_enhanced: 3.2.1
[12:03:22] [modloading-worker-0/INFO] - effective_fg: 1.2.4
[12:03:22] [modloading-worker-0/INFO] - elevatorid: 1.18.2-1.8.4
[12:03:22] [modloading-worker-0/INFO] - emojiful: 1.18.2-3.0.1
[12:03:22] [modloading-worker-0/INFO] - emotecraft: 2.2.7-b.build.50
[12:03:22] [modloading-worker-0/INFO] - enchdesc: 10.0.12
[12:03:22] [modloading-worker-0/INFO] - endlessbiomes: 1.0.0
[12:03:22] [modloading-worker-0/INFO] - ends_delight: 1.18.2-1.2
[12:03:22] [modloading-worker-0/INFO] - exoticbirds: 1.8.0
[12:03:22] [modloading-worker-0/INFO] - expandability: 6.0.0
[12:03:22] [modloading-worker-0/INFO] - eyesinthedarkness: 1.2.7
[12:03:22] [modloading-worker-0/INFO] - fairylights: 5.0.0
[12:03:22] [modloading-worker-0/INFO] - fakename: 1.3.5
[12:03:22] [modloading-worker-0/INFO] - fallingleaves: 1.3.2
[12:03:22] [modloading-worker-0/INFO] - fancymenu: 2.14.7
[12:03:22] [modloading-worker-0/INFO] - farmersdelight: 1.18.2-1.2.2
[12:03:22] [modloading-worker-0/INFO] - farsight_view: 1.18.2-1.9
[12:03:22] [modloading-worker-0/INFO] - fasterladderclimbing: 0.2.4
[12:03:22] [modloading-worker-0/INFO] - feature_nbt_deadlock_be_gone: 2.0.0+1.18.2
[12:03:22] [modloading-worker-0/INFO] - ferritecore: 4.2.2
[12:03:22] [modloading-worker-0/INFO] - fixmyspawnr: 1.0.0
[12:03:22] [modloading-worker-0/INFO] - flashnpcs: 1.1.4v2
[12:03:22] [modloading-worker-0/INFO] - flytre_lib: 1.8.2
[12:03:22] [modloading-worker-0/INFO] - forge: 40.2.21
[12:03:22] [modloading-worker-0/INFO] - forgeendertech: 9.0.7.0
[12:03:22] [modloading-worker-0/INFO] - framedblocks: 5.11.5
[12:03:22] [modloading-worker-0/INFO] - friendsandfoes: 1.4.7
[12:03:22] [modloading-worker-0/INFO] - furnish: 1.18-0.6-fix1
[12:03:22] [modloading-worker-0/INFO] - galosphere: 1.18.2-1.2.2
[12:03:22] [modloading-worker-0/INFO] - geckolib3: 3.0.57
[12:03:22] [modloading-worker-0/INFO] - getittogetherdrops: 1.3
[12:03:22] [modloading-worker-0/INFO] - goblintraders: 1.8.0
[12:03:22] [modloading-worker-0/INFO] - graveyard: 1.9.7
[12:03:22] [modloading-worker-0/INFO] - hexerei: 0.2.2
[12:03:22] [modloading-worker-0/INFO] - highlighter: 1.1.2
[12:03:22] [modloading-worker-0/INFO] - hunterillager: 1.18.2-4.0.0
[12:03:22] [modloading-worker-0/INFO] - iceandfire: 2.1.12-1.18.2
[12:03:22] [modloading-worker-0/INFO] - iceberg: 1.0.49
[12:03:22] [modloading-worker-0/INFO] - identity: 2.3.1-1.18.2
[12:03:22] [modloading-worker-0/INFO] - illageandspillage: 1.1.3
[12:03:22] [modloading-worker-0/INFO] - immersiveengineering: 1.18.2-8.3.1-157
[12:03:22] [modloading-worker-0/INFO] - infernalmobs: 1.18.6
[12:03:22] [modloading-worker-0/INFO] - inventoryhud: 3.4.12
[12:03:22] [modloading-worker-0/INFO] - inversia: 0.2.0
[12:03:22] [modloading-worker-0/INFO] - itemfilters: 1802.2.8-build.50
[12:03:22] [modloading-worker-0/INFO] - jade: 5.3.0
[12:03:22] [modloading-worker-0/INFO] - jei: 9.9999
[12:03:22] [modloading-worker-0/INFO] - kiwiboi: 1.18.2-1.0.0
[12:03:22] [modloading-worker-0/INFO] - konkrete: 1.6.1
[12:03:22] [modloading-worker-0/INFO] - lazydfu: 0.1.3
[12:03:22] [modloading-worker-0/INFO] - letmedespawn: 0.0NONE
[12:03:22] [modloading-worker-0/INFO] - libraryferret: 4.0.0
[12:03:22] [modloading-worker-0/INFO] - libx: 1.18.2-3.2.19
[12:03:22] [modloading-worker-0/INFO] - logbegone: 1.0.4
[12:03:22] [modloading-worker-0/INFO] - mantle: 1.9.45
[12:03:22] [modloading-worker-0/INFO] - maxwell_the_carryable_cat: 1.0.2
[12:03:22] [modloading-worker-0/INFO] - mcwbridges: 2.1.0
[12:03:22] [modloading-worker-0/INFO] - mcwfences: 1.0.7
[12:03:22] [modloading-worker-0/INFO] - mcwpaintings: 1.0.4
[12:03:22] [modloading-worker-0/INFO] - mcwtrpdoors: 1.1.1
[12:03:22] [modloading-worker-0/INFO] - mcwwindows: 2.1.1
[12:03:22] [modloading-worker-0/INFO] - meetyourfight: 1.18.2-1.2.5
[12:03:22] [modloading-worker-0/INFO] - mekanism: 10.2.5
[12:03:22] [modloading-worker-0/INFO] - mekanismadditions: 10.2.5
[12:03:22] [modloading-worker-0/INFO] - mekanismgenerators: 10.2.5
[12:03:22] [modloading-worker-0/INFO] - mekanismtools: 10.2.5
[12:03:22] [modloading-worker-0/INFO] - memorysweep: 1.18.2-0.8
[12:03:22] [modloading-worker-0/INFO] - minecraft: 1.18.2
[12:03:22] [modloading-worker-0/INFO] - minepop: 1.0.0
[12:03:22] [modloading-worker-0/INFO] - modonomicon: 1.18.2-1.33.1
[12:03:22] [modloading-worker-0/INFO] - mowziesmobs: 1.5.32
[12:03:22] [modloading-worker-0/INFO] - multibeds: 1.9.10
[12:03:22] [modloading-worker-0/INFO] - multiworld: 1.4.1
[12:03:22] [modloading-worker-0/INFO] - mvs: 3.0.8-1.18.2
[12:03:22] [modloading-worker-0/INFO] - mythicbotany: 1.18.2-2.1.14
[12:03:22] [modloading-worker-0/INFO] - naturescompass: 1.18.2-1.9.7-forge
[12:03:22] [modloading-worker-0/INFO] - necromancer_and_giantskeleton: 1.0.0
[12:03:22] [modloading-worker-0/INFO] - nethersdelight: 2.2
[12:03:22] [modloading-worker-0/INFO] - nourished_nether: 1.2
[12:03:22] [modloading-worker-0/INFO] - obscure_api: 10
[12:03:22] [modloading-worker-0/INFO] - occultism: 1.18.2-1.81.1
[12:03:22] [modloading-worker-0/INFO] - paraglider: 1.6.0.6
[12:03:22] [modloading-worker-0/INFO] - patchouli: 1.18.2-71.1
[12:03:22] [modloading-worker-0/INFO] - pehkui: 3.7.7+1.18.2-forge
[12:03:22] [modloading-worker-0/INFO] - piglin_expansion: 1.1.0
[12:03:22] [modloading-worker-0/INFO] - playeranimator: 1.0.2+1.18
[12:03:22] [modloading-worker-0/INFO] - playerrevive: 2.0.13
[12:03:22] [modloading-worker-0/INFO] - polylib: 1801.0.2-build.13
[12:03:22] [modloading-worker-0/INFO] - polymorph: 1.18.2-0.49
[12:03:22] [modloading-worker-0/INFO] - puzzleslib: 3.4.5
[12:03:22] [modloading-worker-0/INFO] - rei_plugin_compatibilities: 8.0.46
[12:03:22] [modloading-worker-0/INFO] - repurposed_structures: 5.1.14+1.18.2
[12:03:22] [modloading-worker-0/INFO] - responsiveshields: 2.2
[12:03:22] [modloading-worker-0/INFO] - rootsclassic: 1.18.2-1.1.31
[12:03:22] [modloading-worker-0/INFO] - roughlyenoughitems: 8.3.618
[12:03:22] [modloading-worker-0/INFO] - rslamps_plus: 1.4.0
[12:03:22] [modloading-worker-0/INFO] - securitycraft: 1.9.7
[12:03:22] [modloading-worker-0/INFO] - selene: 1.18.2-1.17.9
[12:03:22] [modloading-worker-0/INFO] - shetiphiancore: 3.10.16
[12:03:22] [modloading-worker-0/INFO] - shieldexp: 1.1.6
[12:03:22] [modloading-worker-0/INFO] - shutupexperimentalsettings: 1.0.4
[12:03:22] [modloading-worker-0/INFO] - simplerpc: 3.2.2
[12:03:22] [modloading-worker-0/INFO] - slimy_stuff: 1.0.9
[12:03:22] [modloading-worker-0/INFO] - smartbrainlib: 1.9
[12:03:22] [modloading-worker-0/INFO] - smoothboot: 0.0.2
[12:03:22] [modloading-worker-0/INFO] - smoothchunk: 1.18.2-1.9
[12:03:22] [modloading-worker-0/INFO] - sons_of_sins: 1.1.1
[12:03:22] [modloading-worker-0/INFO] - sophisticatedbackpacks: 1.18.2-3.18.57.888
[12:03:22] [modloading-worker-0/INFO] - sophisticatedcore: 1.18.2-0.5.77.360
[12:03:22] [modloading-worker-0/INFO] - spark: 1.10.38
[12:03:22] [modloading-worker-0/INFO] - spiderstpo: 2.0.3
[12:03:22] [modloading-worker-0/INFO] - stalwart_dungeons: 1.2.8
[12:03:22] [modloading-worker-0/INFO] - starlight: 1.0.2+forge.83663de
[12:03:22] [modloading-worker-0/INFO] - structure_gel: 2.4.7
[12:03:22] [modloading-worker-0/INFO] - supermartijn642configlib: 1.1.7
[12:03:22] [modloading-worker-0/INFO] - supermartijn642corelib: 1.1.10
[12:03:22] [modloading-worker-0/INFO] - supplementaries: 1.18.2-1.5.18
[12:03:22] [modloading-worker-0/INFO] - swingthroughgrass: 1.18.2-1.9.1
[12:03:22] [modloading-worker-0/INFO] - tconstruct: 3.6.4.113
[12:03:22] [modloading-worker-0/INFO] - terrablender: 1.2.0.126
[12:03:22] [modloading-worker-0/INFO] - the_bumblezone: 5.1.2+1.18.2
[12:03:22] [modloading-worker-0/INFO] - tipsmod: 5.0.11
[12:03:22] [modloading-worker-0/INFO] - tombstone: 7.6.5
[12:03:22] [modloading-worker-0/INFO] - trashslot: 11.0.3
[12:03:22] [modloading-worker-0/INFO] - tropicraft: 9.4.0
[12:03:22] [modloading-worker-0/INFO] - twilightforest: 4.1.1494
[12:03:22] [modloading-worker-0/INFO] - undergarden: 0.7.1
[12:03:22] [modloading-worker-0/INFO] - unstructured: 0.4
[12:03:22] [modloading-worker-0/INFO] - unusual_drill_mod: 2.0
[12:03:22] [modloading-worker-0/INFO] - unusualend: 1.4.3
[12:03:22] [modloading-worker-0/INFO] - upgrade_aquatic: 4.0.0
[12:03:22] [modloading-worker-0/INFO] - visualworkbench: 3.3.0
[12:03:22] [modloading-worker-0/INFO] - voicechat: 1.18.2-2.4.12
[12:03:22] [modloading-worker-0/INFO] - waila: 5.3.0
[12:03:22] [modloading-worker-0/INFO] - waterdripsound: 0.3.0
[12:03:22] [modloading-worker-0/INFO] - waterframes: 1.3.1e
[12:03:22] [modloading-worker-0/INFO] - waystones: 10.2.1
[12:03:22] [modloading-worker-0/INFO] - worldedit: 7.2.10+1742f98
[12:03:22] [modloading-worker-0/INFO] - xaeroworldmap: 1.30.6
[12:03:22] [modloading-worker-0/INFO] - xlpackets: 1.18.2-2.1
[12:03:22] [modloading-worker-0/INFO] - yungsapi: 1.18.2-Forge-2.2.9
[12:03:22] [modloading-worker-0/INFO] - yungsbridges: 1.18.2-Forge-2.1.0
[12:03:22] [modloading-worker-0/INFO] ========================================
[12:03:22] [modloading-worker-0/INFO] [REI] Registered plugin provider REI Plugin Compatibilities Server Handler [rei_plugin_compatibilities, jei] for REIPlugin
[12:03:22] [modloading-worker-0/INFO] [REI] Registered plugin provider DefaultPluginImpl [roughlyenoughitems] for REIServerPlugin
[12:03:22] [modloading-worker-0/INFO] [REI] Registered plugin provider DefaultPluginImpl [roughlyenoughitems] for REIPlugin
[12:03:22] [modloading-worker-0/INFO] [REI] Registered plugin provider DefaultRuntimePlugin [roughlyenoughitems] for REIServerPlugin
[12:03:22] [modloading-worker-0/INFO] [REI] Registered plugin provider DefaultRuntimePlugin [roughlyenoughitems] for REIPlugin
[12:03:22] [modloading-worker-0/INFO] [REI] Registered plugin provider REI Plugin Compatibilities Server Handler [rei_plugin_compatibilities, jei] for REIServerPlugin
[12:04:03] [Worker-Main2/DEBUG] [REI] Processed 0 tags in 348.1 μs for minecraft:worldgen/biome
[12:04:03] [Worker-Main1/DEBUG] [REI] Processed 0 tags in 15.39 μs for minecraft:dimension_type
[12:04:05] [Worker-Main2/DEBUG] [REI] Processed 0 tags in 116.2 μs for minecraft:worldgen/configured_structure_feature
[12:04:05] [Worker-Main1/DEBUG] [REI] Processed 2 tags in 1.232 ms for minecraft:game_event
[12:04:05] [Worker-Main1/DEBUG] [REI] Processed 173 tags in 628.7 μs for minecraft:fluid
[12:04:05] [Worker-Main2/DEBUG] [REI] Processed 1 tags in 40.50 μs for minecraft:mob_effect
[12:04:06] [Worker-Main2/DEBUG] [REI] Processed 20 tags in 40.59 μs for minecraft:enchantment
[12:04:06] [Worker-Main2/DEBUG] [REI] Processed 144 tags in 860.6 μs for minecraft:entity_type
[12:04:06] [Worker-Main1/DEBUG] [REI] Processed 1416 tags in 14.75 ms for minecraft:block
[12:04:07] [Worker-Main1/DEBUG] [REI] Processed 4 tags in 88.63 μs for minecraft:block_entity_type
[12:04:07] [Worker-Main2/DEBUG] [REI] Processed 2547 tags in 11.02 ms for minecraft:item
[12:04:12] [Worker-Main2/DEBUG] [REI] Processed 1 tags in 22.16 μs for minecraft:worldgen/structure_feature
[12:04:16] [Worker-Main1/DEBUG] [REI] Processed 8 tags in 26.99 μs for mekanism:infuse_type
[12:04:16] [Worker-Main2/DEBUG] [REI] Processed 5 tags in 21.26 μs for mekanism:gas
[12:04:16] [Worker-Main1/DEBUG] [REI] Processed 2 tags in 22.67 μs for mekanism:slurry
[12:04:32] [Worker-Main1/DEBUG] [REI] ========================================
[12:04:32] [Worker-Main1/DEBUG] [REI] REIPlugin starting pre-reload for START.
[12:04:32] [Worker-Main1/DEBUG] [REI] Reloadables (7):
[12:04:32] [Worker-Main1/DEBUG] [REI]  - EntryTypeRegistryImpl
[12:04:32] [Worker-Main1/DEBUG] [REI]  - EntrySettingsAdapterRegistryImpl
[12:04:32] [Worker-Main1/DEBUG] [REI]  - RecipeManagerContextImpl
[12:04:32] [Worker-Main1/DEBUG] [REI]  - ItemComparatorRegistryImpl
[12:04:32] [Worker-Main1/DEBUG] [REI]  - FluidComparatorRegistryImpl
[12:04:32] [Worker-Main1/DEBUG] [REI]  - DisplaySerializerRegistryImpl
[12:04:32] [Worker-Main1/DEBUG] [REI]  - FluidSupportProviderImpl
[12:04:32] [Worker-Main1/DEBUG] [REI] Plugins (3):
[12:04:32] [Worker-Main1/DEBUG] [REI]  - (-100.00) DefaultPluginImpl of DefaultPluginImpl [roughlyenoughitems]
[12:04:32] [Worker-Main1/DEBUG] [REI]  - (0.00) DefaultRuntimePlugin of DefaultRuntimePlugin [roughlyenoughitems]
[12:04:32] [Worker-Main1/DEBUG] [REI]  - (0.00) REI Plugin Compatibilities Server Handler of REI Plugin Compatibilities Server Handler [rei_plugin_compatibilities, jei]
[12:04:32] [Worker-Main1/DEBUG] [REI] ========================================
[12:04:32] [Worker-Main1/TRACE] [REI] [REIPlugin START] Reloading Section: "pre-register/"
[12:04:32] [Worker-Main1/TRACE] [REI] [REIPlugin START] Reloading Section: "pre-register/DefaultPluginImpl of DefaultPluginImpl [roughlyenoughitems]/"
[12:04:32] [Worker-Main1/TRACE] [REI] [REIPlugin START] Reloading Section: "pre-register/DefaultPluginImpl of DefaultPluginImpl [roughlyenoughitems]/" done in 805.8 μs
[12:04:32] [Worker-Main1/TRACE] [REI] [REIPlugin START] Reloading Section: "pre-register/DefaultRuntimePlugin of DefaultRuntimePlugin [roughlyenoughitems]/"
[12:04:32] [Worker-Main1/TRACE] [REI] [REIPlugin START] Reloading Section: "pre-register/DefaultRuntimePlugin of DefaultRuntimePlugin [roughlyenoughitems]/" done in 12.54 μs
[12:04:32] [Worker-Main1/TRACE] [REI] [REIPlugin START] Reloading Section: "pre-register/REI Plugin Compatibilities Server Handler of REI Plugin Compatibilities Server Handler [rei_plugin_compatibilities, jei]/"
[12:04:32] [Worker-Main1/TRACE] [REI] [REIPlugin START] Reloading Section: "pre-register/REI Plugin Compatibilities Server Handler of REI Plugin Compatibilities Server Handler [rei_plugin_compatibilities, jei]/" done in 10.12 μs
[12:04:32] [Worker-Main1/TRACE] [REI] [REIPlugin START] Reloading Section: "pre-register/" done in 9.299 ms
[12:04:32] [Worker-Main1/DEBUG] [REI] ========================================
[12:04:32] [Worker-Main1/DEBUG] [REI] REIPlugin finished pre-reload for START in 13.01 ms.
[12:04:32] [Worker-Main1/DEBUG] [REI] ========================================
[12:04:32] [Worker-Main1/DEBUG] [REI] ========================================
[12:04:32] [Worker-Main1/DEBUG] [REI] REIServerPlugin starting pre-reload for START.
[12:04:32] [Worker-Main1/DEBUG] [REI] Reloadables (1):
[12:04:32] [Worker-Main1/DEBUG] [REI]  - MenuInfoRegistryImpl
[12:04:32] [Worker-Main1/DEBUG] [REI] Plugins (3):
[12:04:32] [Worker-Main1/DEBUG] [REI]  - (-100.00) DefaultPluginImpl of DefaultPluginImpl [roughlyenoughitems]
[12:04:32] [Worker-Main1/DEBUG] [REI]  - (0.00) REI Plugin Compatibilities Server Handler of REI Plugin Compatibilities Server Handler [rei_plugin_compatibilities, jei]
[12:04:32] [Worker-Main1/DEBUG] [REI]  - (0.00) DefaultRuntimePlugin of DefaultRuntimePlugin [roughlyenoughitems]
[12:04:32] [Worker-Main1/DEBUG] [REI] ========================================
[12:04:32] [Worker-Main1/TRACE] [REI] [REIServerPlugin START] Reloading Section: "pre-register/"
[12:04:32] [Worker-Main1/TRACE] [REI] [REIServerPlugin START] Reloading Section: "pre-register/DefaultPluginImpl of DefaultPluginImpl [roughlyenoughitems]/"
[12:04:32] [Worker-Main1/TRACE] [REI] [REIServerPlugin START] Reloading Section: "pre-register/DefaultPluginImpl of DefaultPluginImpl [roughlyenoughitems]/" done in 13.14 μs
[12:04:32] [Worker-Main1/TRACE] [REI] [REIServerPlugin START] Reloading Section: "pre-register/REI Plugin Compatibilities Server Handler of REI Plugin Compatibilities Server Handler [rei_plugin_compatibilities, jei]/"
[12:04:32] [Worker-Main1/TRACE] [REI] [REIServerPlugin START] Reloading Section: "pre-register/REI Plugin Compatibilities Server Handler of REI Plugin Compatibilities Server Handler [rei_plugin_compatibilities, jei]/" done in 9.999 μs
[12:04:32] [Worker-Main1/TRACE] [REI] [REIServerPlugin START] Reloading Section: "pre-register/DefaultRuntimePlugin of DefaultRuntimePlugin [roughlyenoughitems]/"
[12:04:32] [Worker-Main1/TRACE] [REI] [REIServerPlugin START] Reloading Section: "pre-register/DefaultRuntimePlugin of DefaultRuntimePlugin [roughlyenoughitems]/" done in 8.716 μs
[12:04:32] [Worker-Main1/TRACE] [REI] [REIServerPlugin START] Reloading Section: "pre-register/" done in 455.7 μs
[12:04:32] [Worker-Main1/DEBUG] [REI] ========================================
[12:04:32] [Worker-Main1/DEBUG] [REI] REIServerPlugin finished pre-reload for START in 605.9 μs.
[12:04:32] [Worker-Main1/DEBUG] [REI] ========================================
[12:04:32] [Worker-Main1/INFO] [REI] ~~~~~~~~~~~~~~~~~~~~~~~~~~~~~~~~~~~~~~~~
[12:04:32] [Worker-Main1/INFO] [REI] REIPlugin starting main-reload for START.
[12:04:32] [Worker-Main1/DEBUG] [REI] Reloadables (7):
[12:04:32] [Worker-Main1/DEBUG] [REI]  - EntryTypeRegistryImpl
[12:04:32] [Worker-Main1/DEBUG] [REI]  - EntrySettingsAdapterRegistryImpl
[12:04:32] [Worker-Main1/DEBUG] [REI]  - RecipeManagerContextImpl
[12:04:32] [Worker-Main1/DEBUG] [REI]  - ItemComparatorRegistryImpl
[12:04:32] [Worker-Main1/DEBUG] [REI]  - FluidComparatorRegistryImpl
[12:04:32] [Worker-Main1/DEBUG] [REI]  - DisplaySerializerRegistryImpl
[12:04:32] [Worker-Main1/DEBUG] [REI]  - FluidSupportProviderImpl
[12:04:32] [Worker-Main1/INFO] [REI] Plugins (3):
[12:04:32] [Worker-Main1/INFO] [REI]  - (-100.00) DefaultPluginImpl of DefaultPluginImpl [roughlyenoughitems]
[12:04:32] [Worker-Main1/INFO] [REI]  - (0.00) DefaultRuntimePlugin of DefaultRuntimePlugin [roughlyenoughitems]
[12:04:32] [Worker-Main1/INFO] [REI]  - (0.00) REI Plugin Compatibilities Server Handler of REI Plugin Compatibilities Server Handler [rei_plugin_compatibilities, jei]
[12:04:32] [Worker-Main1/INFO] [REI] ~~~~~~~~~~~~~~~~~~~~~~~~~~~~~~~~~~~~~~~~
[12:04:32] [Worker-Main1/TRACE] [REI] [REIPlugin START] Reloading Section: "start-reload/"
[12:04:32] [Worker-Main1/TRACE] [REI] [REIPlugin START] Reloading Section: "start-reload/EntryTypeRegistryImpl/"
[12:04:32] [Worker-Main1/TRACE] [REI] [REIPlugin START] Reloading Section: "start-reload/EntryTypeRegistryImpl/" done in 204.0 μs
[12:04:32] [Worker-Main1/TRACE] [REI] [REIPlugin START] Reloading Section: "start-reload/EntrySettingsAdapterRegistryImpl/"
[12:04:32] [Worker-Main1/TRACE] [REI] [REIPlugin START] Reloading Section: "start-reload/EntrySettingsAdapterRegistryImpl/" done in 12.26 μs
[12:04:32] [Worker-Main1/TRACE] [REI] [REIPlugin START] Reloading Section: "start-reload/RecipeManagerContextImpl/"
[12:04:32] [Worker-Main1/TRACE] [REI] [REIPlugin START] Reloading Section: "start-reload/RecipeManagerContextImpl/" done in 8.235 μs
[12:04:32] [Worker-Main1/TRACE] [REI] [REIPlugin START] Reloading Section: "start-reload/ItemComparatorRegistryImpl/"
[12:04:32] [Worker-Main1/TRACE] [REI] [REIPlugin START] Reloading Section: "start-reload/ItemComparatorRegistryImpl/" done in 24.88 μs
[12:04:32] [Worker-Main1/TRACE] [REI] [REIPlugin START] Reloading Section: "start-reload/FluidComparatorRegistryImpl/"
[12:04:32] [Worker-Main1/TRACE] [REI] [REIPlugin START] Reloading Section: "start-reload/FluidComparatorRegistryImpl/" done in 12.06 μs
[12:04:32] [Worker-Main1/TRACE] [REI] [REIPlugin START] Reloading Section: "start-reload/DisplaySerializerRegistryImpl/"
[12:04:32] [Worker-Main1/TRACE] [REI] [REIPlugin START] Reloading Section: "start-reload/DisplaySerializerRegistryImpl/" done in 7.514 μs
[12:04:32] [Worker-Main1/TRACE] [REI] [REIPlugin START] Reloading Section: "start-reload/FluidSupportProviderImpl/"
[12:04:32] [Worker-Main1/TRACE] [REI] [REIPlugin START] Reloading Section: "start-reload/FluidSupportProviderImpl/" done in 22.45 μs
[12:04:32] [Worker-Main1/TRACE] [REI] [REIPlugin START] Reloading Section: "start-reload/" done in 1.372 ms
[12:04:32] [Worker-Main1/DEBUG] [REI] ========================================
[12:04:32] [Worker-Main1/DEBUG] [REI] REIPlugin started main-reload for START.
[12:04:32] [Worker-Main1/DEBUG] [REI] ========================================
[12:04:32] [Worker-Main1/TRACE] [REI] [REIPlugin START] Reloading Section: "reloadable-plugin/EntryTypeRegistryImpl/"
[12:04:32] [Worker-Main1/TRACE] [REI] [REIPlugin START] Reloading Section: "reloadable-plugin/EntryTypeRegistryImpl/DefaultPluginImpl of DefaultPluginImpl [roughlyenoughitems]/"
[12:04:32] [Worker-Main1/TRACE] [REI] [REIPlugin START] Reloading Section: "reloadable-plugin/EntryTypeRegistryImpl/DefaultPluginImpl of DefaultPluginImpl [roughlyenoughitems]/" done in 189.7 μs
[12:04:32] [Worker-Main1/TRACE] [REI] [REIPlugin START] Reloading Section: "reloadable-plugin/EntryTypeRegistryImpl/DefaultRuntimePlugin of DefaultRuntimePlugin [roughlyenoughitems]/"
[12:04:32] [Worker-Main1/TRACE] [REI] [REIPlugin START] Reloading Section: "reloadable-plugin/EntryTypeRegistryImpl/DefaultRuntimePlugin of DefaultRuntimePlugin [roughlyenoughitems]/" done in 8.299 ms
[12:04:32] [Worker-Main1/TRACE] [REI] [REIPlugin START] Reloading Section: "reloadable-plugin/EntryTypeRegistryImpl/REI Plugin Compatibilities Server Handler of REI Plugin Compatibilities Server Handler [rei_plugin_compatibilities, jei]/"
[12:04:32] [Worker-Main1/TRACE] [REI] [REIPlugin START] Reloading Section: "reloadable-plugin/EntryTypeRegistryImpl/REI Plugin Compatibilities Server Handler of REI Plugin Compatibilities Server Handler [rei_plugin_compatibilities, jei]/" done in 15.04 μs
[12:04:32] [Worker-Main1/TRACE] [REI] [REIPlugin START] Reloading Section: "reloadable-plugin/EntryTypeRegistryImpl/" done in 9.274 ms
[12:04:32] [Worker-Main1/TRACE] [REI] [REIPlugin START] Reloading Section: "reloadable-plugin/EntrySettingsAdapterRegistryImpl/"
[12:04:32] [Worker-Main1/TRACE] [REI] [REIPlugin START] Reloading Section: "reloadable-plugin/EntrySettingsAdapterRegistryImpl/DefaultPluginImpl of DefaultPluginImpl [roughlyenoughitems]/"
[12:04:32] [Worker-Main1/TRACE] [REI] [REIPlugin START] Reloading Section: "reloadable-plugin/EntrySettingsAdapterRegistryImpl/DefaultPluginImpl of DefaultPluginImpl [roughlyenoughitems]/" done in 13.41 μs
[12:04:32] [Worker-Main1/TRACE] [REI] [REIPlugin START] Reloading Section: "reloadable-plugin/EntrySettingsAdapterRegistryImpl/DefaultRuntimePlugin of DefaultRuntimePlugin [roughlyenoughitems]/"
[12:04:32] [Worker-Main1/TRACE] [REI] [REIPlugin START] Reloading Section: "reloadable-plugin/EntrySettingsAdapterRegistryImpl/DefaultRuntimePlugin of DefaultRuntimePlugin [roughlyenoughitems]/" done in 12.66 μs
[12:04:32] [Worker-Main1/TRACE] [REI] [REIPlugin START] Reloading Section: "reloadable-plugin/EntrySettingsAdapterRegistryImpl/REI Plugin Compatibilities Server Handler of REI Plugin Compatibilities Server Handler [rei_plugin_compatibilities, jei]/"
[12:04:32] [Worker-Main1/TRACE] [REI] [REIPlugin START] Reloading Section: "reloadable-plugin/EntrySettingsAdapterRegistryImpl/REI Plugin Compatibilities Server Handler of REI Plugin Compatibilities Server Handler [rei_plugin_compatibilities, jei]/" done in 14.57 μs
[12:04:32] [Worker-Main1/TRACE] [REI] [REIPlugin START] Reloading Section: "reloadable-plugin/EntrySettingsAdapterRegistryImpl/" done in 498.5 μs
[12:04:32] [Worker-Main1/TRACE] [REI] [REIPlugin START] Reloading Section: "reloadable-plugin/RecipeManagerContextImpl/"
[12:04:32] [Worker-Main1/TRACE] [REI] [REIPlugin START] Reloading Section: "reloadable-plugin/RecipeManagerContextImpl/DefaultPluginImpl of DefaultPluginImpl [roughlyenoughitems]/"
[12:04:32] [Worker-Main1/TRACE] [REI] [REIPlugin START] Reloading Section: "reloadable-plugin/RecipeManagerContextImpl/DefaultPluginImpl of DefaultPluginImpl [roughlyenoughitems]/" done in 16.35 μs
[12:04:32] [Worker-Main1/TRACE] [REI] [REIPlugin START] Reloading Section: "reloadable-plugin/RecipeManagerContextImpl/DefaultRuntimePlugin of DefaultRuntimePlugin [roughlyenoughitems]/"
[12:04:32] [Worker-Main1/TRACE] [REI] [REIPlugin START] Reloading Section: "reloadable-plugin/RecipeManagerContextImpl/DefaultRuntimePlugin of DefaultRuntimePlugin [roughlyenoughitems]/" done in 12.85 μs
[12:04:32] [Worker-Main1/TRACE] [REI] [REIPlugin START] Reloading Section: "reloadable-plugin/RecipeManagerContextImpl/REI Plugin Compatibilities Server Handler of REI Plugin Compatibilities Server Handler [rei_plugin_compatibilities, jei]/"
[12:04:32] [Worker-Main1/TRACE] [REI] [REIPlugin START] Reloading Section: "reloadable-plugin/RecipeManagerContextImpl/REI Plugin Compatibilities Server Handler of REI Plugin Compatibilities Server Handler [rei_plugin_compatibilities, jei]/" done in 13.03 μs
[12:04:32] [Worker-Main1/TRACE] [REI] [REIPlugin START] Reloading Section: "reloadable-plugin/RecipeManagerContextImpl/" done in 487.9 μs
[12:04:32] [Worker-Main1/TRACE] [REI] [REIPlugin START] Reloading Section: "reloadable-plugin/ItemComparatorRegistryImpl/"
[12:04:32] [Worker-Main1/TRACE] [REI] [REIPlugin START] Reloading Section: "reloadable-plugin/ItemComparatorRegistryImpl/DefaultPluginImpl of DefaultPluginImpl [roughlyenoughitems]/"
[12:04:32] [Worker-Main1/TRACE] [REI] [REIPlugin START] Reloading Section: "reloadable-plugin/ItemComparatorRegistryImpl/DefaultPluginImpl of DefaultPluginImpl [roughlyenoughitems]/" done in 575.7 μs
[12:04:32] [Worker-Main1/TRACE] [REI] [REIPlugin START] Reloading Section: "reloadable-plugin/ItemComparatorRegistryImpl/DefaultRuntimePlugin of DefaultRuntimePlugin [roughlyenoughitems]/"
[12:04:32] [Worker-Main1/TRACE] [REI] [REIPlugin START] Reloading Section: "reloadable-plugin/ItemComparatorRegistryImpl/DefaultRuntimePlugin of DefaultRuntimePlugin [roughlyenoughitems]/" done in 16.06 μs
[12:04:32] [Worker-Main1/TRACE] [REI] [REIPlugin START] Reloading Section: "reloadable-plugin/ItemComparatorRegistryImpl/REI Plugin Compatibilities Server Handler of REI Plugin Compatibilities Server Handler [rei_plugin_compatibilities, jei]/"
[12:04:32] [Worker-Main1/TRACE] [REI] [REIPlugin START] Reloading Section: "reloadable-plugin/ItemComparatorRegistryImpl/REI Plugin Compatibilities Server Handler of REI Plugin Compatibilities Server Handler [rei_plugin_compatibilities, jei]/" done in 15.02 μs
[12:04:32] [Worker-Main1/TRACE] [REI] [REIPlugin START] Reloading Section: "reloadable-plugin/ItemComparatorRegistryImpl/" done in 1.129 ms
[12:04:32] [Worker-Main1/TRACE] [REI] [REIPlugin START] Reloading Section: "reloadable-plugin/FluidComparatorRegistryImpl/"
[12:04:32] [Worker-Main1/TRACE] [REI] [REIPlugin START] Reloading Section: "reloadable-plugin/FluidComparatorRegistryImpl/DefaultPluginImpl of DefaultPluginImpl [roughlyenoughitems]/"
[12:04:32] [Worker-Main1/TRACE] [REI] [REIPlugin START] Reloading Section: "reloadable-plugin/FluidComparatorRegistryImpl/DefaultPluginImpl of DefaultPluginImpl [roughlyenoughitems]/" done in 21.79 μs
[12:04:32] [Worker-Main1/TRACE] [REI] [REIPlugin START] Reloading Section: "reloadable-plugin/FluidComparatorRegistryImpl/DefaultRuntimePlugin of DefaultRuntimePlugin [roughlyenoughitems]/"
[12:04:32] [Worker-Main1/TRACE] [REI] [REIPlugin START] Reloading Section: "reloadable-plugin/FluidComparatorRegistryImpl/DefaultRuntimePlugin of DefaultRuntimePlugin [roughlyenoughitems]/" done in 13.92 μs
[12:04:32] [Worker-Main1/TRACE] [REI] [REIPlugin START] Reloading Section: "reloadable-plugin/FluidComparatorRegistryImpl/REI Plugin Compatibilities Server Handler of REI Plugin Compatibilities Server Handler [rei_plugin_compatibilities, jei]/"
[12:04:32] [Worker-Main1/TRACE] [REI] [REIPlugin START] Reloading Section: "reloadable-plugin/FluidComparatorRegistryImpl/REI Plugin Compatibilities Server Handler of REI Plugin Compatibilities Server Handler [rei_plugin_compatibilities, jei]/" done in 13.21 μs
[12:04:32] [Worker-Main1/TRACE] [REI] [REIPlugin START] Reloading Section: "reloadable-plugin/FluidComparatorRegistryImpl/" done in 433.2 μs
[12:04:32] [Worker-Main1/TRACE] [REI] [REIPlugin START] Reloading Section: "reloadable-plugin/DisplaySerializerRegistryImpl/"
[12:04:32] [Worker-Main1/TRACE] [REI] [REIPlugin START] Reloading Section: "reloadable-plugin/DisplaySerializerRegistryImpl/DefaultPluginImpl of DefaultPluginImpl [roughlyenoughitems]/"
[12:04:32] [Worker-Main1/TRACE] [REI] [REIPlugin START] Reloading Section: "reloadable-plugin/DisplaySerializerRegistryImpl/DefaultPluginImpl of DefaultPluginImpl [roughlyenoughitems]/" done in 12.60 μs
[12:04:32] [Worker-Main1/TRACE] [REI] [REIPlugin START] Reloading Section: "reloadable-plugin/DisplaySerializerRegistryImpl/DefaultRuntimePlugin of DefaultRuntimePlugin [roughlyenoughitems]/"
[12:04:32] [Worker-Main1/TRACE] [REI] [REIPlugin START] Reloading Section: "reloadable-plugin/DisplaySerializerRegistryImpl/DefaultRuntimePlugin of DefaultRuntimePlugin [roughlyenoughitems]/" done in 12.95 μs
[12:04:32] [Worker-Main1/TRACE] [REI] [REIPlugin START] Reloading Section: "reloadable-plugin/DisplaySerializerRegistryImpl/REI Plugin Compatibilities Server Handler of REI Plugin Compatibilities Server Handler [rei_plugin_compatibilities, jei]/"
[12:04:32] [Worker-Main1/TRACE] [REI] [REIPlugin START] Reloading Section: "reloadable-plugin/DisplaySerializerRegistryImpl/REI Plugin Compatibilities Server Handler of REI Plugin Compatibilities Server Handler [rei_plugin_compatibilities, jei]/" done in 12.88 μs
[12:04:32] [Worker-Main1/TRACE] [REI] [REIPlugin START] Reloading Section: "reloadable-plugin/DisplaySerializerRegistryImpl/" done in 468.4 μs
[12:04:32] [Worker-Main1/TRACE] [REI] [REIPlugin START] Reloading Section: "reloadable-plugin/FluidSupportProviderImpl/"
[12:04:32] [Worker-Main1/TRACE] [REI] [REIPlugin START] Reloading Section: "reloadable-plugin/FluidSupportProviderImpl/DefaultPluginImpl of DefaultPluginImpl [roughlyenoughitems]/"
[12:04:32] [Worker-Main1/TRACE] [REI] [REIPlugin START] Reloading Section: "reloadable-plugin/FluidSupportProviderImpl/DefaultPluginImpl of DefaultPluginImpl [roughlyenoughitems]/" done in 555.7 μs
[12:04:32] [Worker-Main1/TRACE] [REI] [REIPlugin START] Reloading Section: "reloadable-plugin/FluidSupportProviderImpl/DefaultRuntimePlugin of DefaultRuntimePlugin [roughlyenoughitems]/"
[12:04:32] [Worker-Main1/TRACE] [REI] [REIPlugin START] Reloading Section: "reloadable-plugin/FluidSupportProviderImpl/DefaultRuntimePlugin of DefaultRuntimePlugin [roughlyenoughitems]/" done in 16.65 μs
[12:04:32] [Worker-Main1/TRACE] [REI] [REIPlugin START] Reloading Section: "reloadable-plugin/FluidSupportProviderImpl/REI Plugin Compatibilities Server Handler of REI Plugin Compatibilities Server Handler [rei_plugin_compatibilities, jei]/"
[12:04:32] [Worker-Main1/TRACE] [REI] [REIPlugin START] Reloading Section: "reloadable-plugin/FluidSupportProviderImpl/REI Plugin Compatibilities Server Handler of REI Plugin Compatibilities Server Handler [rei_plugin_compatibilities, jei]/" done in 13.57 μs
[12:04:32] [Worker-Main1/TRACE] [REI] [REIPlugin START] Reloading Section: "reloadable-plugin/FluidSupportProviderImpl/" done in 1.045 ms
[12:04:32] [Worker-Main1/DEBUG] [REI] ========================================
[12:04:32] [Worker-Main1/DEBUG] [REI] REIPlugin ending main-reload for START.
[12:04:32] [Worker-Main1/DEBUG] [REI] ========================================
[12:04:32] [Worker-Main1/TRACE] [REI] [REIPlugin START] Reloading Section: "end-reload/"
[12:04:32] [Worker-Main1/TRACE] [REI] [REIPlugin START] Reloading Section: "end-reload/EntryTypeRegistryImpl/"
[12:04:32] [Worker-Main1/TRACE] [REI] [REIPlugin START] Reloading Section: "end-reload/EntryTypeRegistryImpl/" done in 13.86 μs
[12:04:32] [Worker-Main1/TRACE] [REI] [REIPlugin START] Reloading Section: "end-reload/EntrySettingsAdapterRegistryImpl/"
[12:04:32] [Worker-Main1/TRACE] [REI] [REIPlugin START] Reloading Section: "end-reload/EntrySettingsAdapterRegistryImpl/" done in 7.494 μs
[12:04:32] [Worker-Main1/TRACE] [REI] [REIPlugin START] Reloading Section: "end-reload/RecipeManagerContextImpl/"
[12:04:32] [Worker-Main1/TRACE] [REI] [REIPlugin START] Reloading Section: "end-reload/RecipeManagerContextImpl/" done in 6.863 μs
[12:04:32] [Worker-Main1/TRACE] [REI] [REIPlugin START] Reloading Section: "end-reload/ItemComparatorRegistryImpl/"
[12:04:32] [Worker-Main1/TRACE] [REI] [REIPlugin START] Reloading Section: "end-reload/ItemComparatorRegistryImpl/" done in 15.50 μs
[12:04:32] [Worker-Main1/TRACE] [REI] [REIPlugin START] Reloading Section: "end-reload/FluidComparatorRegistryImpl/"
[12:04:32] [Worker-Main1/TRACE] [REI] [REIPlugin START] Reloading Section: "end-reload/FluidComparatorRegistryImpl/" done in 5.831 μs
[12:04:32] [Worker-Main1/TRACE] [REI] [REIPlugin START] Reloading Section: "end-reload/DisplaySerializerRegistryImpl/"
[12:04:32] [Worker-Main1/TRACE] [REI] [REIPlugin START] Reloading Section: "end-reload/DisplaySerializerRegistryImpl/" done in 5.109 μs
[12:04:32] [Worker-Main1/TRACE] [REI] [REIPlugin START] Reloading Section: "end-reload/FluidSupportProviderImpl/"
[12:04:32] [Worker-Main1/TRACE] [REI] [REIPlugin START] Reloading Section: "end-reload/FluidSupportProviderImpl/" done in 5.691 μs
[12:04:32] [Worker-Main1/TRACE] [REI] [REIPlugin START] Reloading Section: "end-reload/" done in 910.0 μs
[12:04:32] [Worker-Main1/DEBUG] [REI] ========================================
[12:04:32] [Worker-Main1/DEBUG] [REI] REIPlugin ended main-reload for START in 18.72 ms.
[12:04:32] [Worker-Main1/DEBUG] [REI] ========================================
[12:04:32] [Worker-Main1/INFO] [REI] ~~~~~~~~~~~~~~~~~~~~~~~~~~~~~~~~~~~~~~~~
[12:04:32] [Worker-Main1/INFO] [REI] REIServerPlugin starting main-reload for START.
[12:04:32] [Worker-Main1/DEBUG] [REI] Reloadables (1):
[12:04:32] [Worker-Main1/DEBUG] [REI]  - MenuInfoRegistryImpl
[12:04:32] [Worker-Main1/INFO] [REI] Plugins (3):
[12:04:32] [Worker-Main1/INFO] [REI]  - (-100.00) DefaultPluginImpl of DefaultPluginImpl [roughlyenoughitems]
[12:04:32] [Worker-Main1/INFO] [REI]  - (0.00) REI Plugin Compatibilities Server Handler of REI Plugin Compatibilities Server Handler [rei_plugin_compatibilities, jei]
[12:04:32] [Worker-Main1/INFO] [REI]  - (0.00) DefaultRuntimePlugin of DefaultRuntimePlugin [roughlyenoughitems]
[12:04:32] [Worker-Main1/INFO] [REI] ~~~~~~~~~~~~~~~~~~~~~~~~~~~~~~~~~~~~~~~~
[12:04:32] [Worker-Main1/TRACE] [REI] [REIServerPlugin START] Reloading Section: "start-reload/"
[12:04:32] [Worker-Main1/TRACE] [REI] [REIServerPlugin START] Reloading Section: "start-reload/MenuInfoRegistryImpl/"
[12:04:32] [Worker-Main1/TRACE] [REI] [REIServerPlugin START] Reloading Section: "start-reload/MenuInfoRegistryImpl/" done in 10.15 μs
[12:04:32] [Worker-Main1/TRACE] [REI] [REIServerPlugin START] Reloading Section: "start-reload/" done in 158.5 μs
[12:04:32] [Worker-Main1/DEBUG] [REI] ========================================
[12:04:32] [Worker-Main1/DEBUG] [REI] REIServerPlugin started main-reload for START.
[12:04:32] [Worker-Main1/DEBUG] [REI] ========================================
[12:04:32] [Worker-Main1/TRACE] [REI] [REIServerPlugin START] Reloading Section: "reloadable-plugin/MenuInfoRegistryImpl/"
[12:04:32] [Worker-Main1/TRACE] [REI] [REIServerPlugin START] Reloading Section: "reloadable-plugin/MenuInfoRegistryImpl/DefaultPluginImpl of DefaultPluginImpl [roughlyenoughitems]/"
[12:04:32] [Worker-Main1/TRACE] [REI] [REIServerPlugin START] Reloading Section: "reloadable-plugin/MenuInfoRegistryImpl/DefaultPluginImpl of DefaultPluginImpl [roughlyenoughitems]/" done in 10.23 μs
[12:04:32] [Worker-Main1/TRACE] [REI] [REIServerPlugin START] Reloading Section: "reloadable-plugin/MenuInfoRegistryImpl/REI Plugin Compatibilities Server Handler of REI Plugin Compatibilities Server Handler [rei_plugin_compatibilities, jei]/"
[12:04:32] [Worker-Main1/TRACE] [REI] [REIServerPlugin START] Reloading Section: "reloadable-plugin/MenuInfoRegistryImpl/REI Plugin Compatibilities Server Handler of REI Plugin Compatibilities Server Handler [rei_plugin_compatibilities, jei]/" done in 10.79 μs
[12:04:32] [Worker-Main1/TRACE] [REI] [REIServerPlugin START] Reloading Section: "reloadable-plugin/MenuInfoRegistryImpl/DefaultRuntimePlugin of DefaultRuntimePlugin [roughlyenoughitems]/"
[12:04:32] [Worker-Main1/TRACE] [REI] [REIServerPlugin START] Reloading Section: "reloadable-plugin/MenuInfoRegistryImpl/DefaultRuntimePlugin of DefaultRuntimePlugin [roughlyenoughitems]/" done in 10.52 μs
[12:04:32] [Worker-Main1/TRACE] [REI] [REIServerPlugin START] Reloading Section: "reloadable-plugin/MenuInfoRegistryImpl/" done in 458.8 μs
[12:04:32] [Worker-Main1/DEBUG] [REI] ========================================
[12:04:32] [Worker-Main1/DEBUG] [REI] REIServerPlugin ending main-reload for START.
[12:04:32] [Worker-Main1/DEBUG] [REI] ========================================
[12:04:32] [Worker-Main1/TRACE] [REI] [REIServerPlugin START] Reloading Section: "end-reload/"
[12:04:32] [Worker-Main1/TRACE] [REI] [REIServerPlugin START] Reloading Section: "end-reload/MenuInfoRegistryImpl/"
[12:04:32] [Worker-Main1/TRACE] [REI] [REIServerPlugin START] Reloading Section: "end-reload/MenuInfoRegistryImpl/" done in 6.021 μs
[12:04:32] [Worker-Main1/TRACE] [REI] [REIServerPlugin START] Reloading Section: "end-reload/" done in 106.4 μs
[12:04:32] [Worker-Main1/DEBUG] [REI] ========================================
[12:04:32] [Worker-Main1/DEBUG] [REI] REIServerPlugin ended main-reload for START in 2.553 ms.
[12:04:32] [Worker-Main1/DEBUG] [REI] ========================================
[12:04:32] [Worker-Main1/DEBUG] [REI] ========================================
[12:04:32] [Worker-Main1/DEBUG] [REI] REIPlugin starting post-reload for START.
[12:04:32] [Worker-Main1/DEBUG] [REI] Reloadables (7):
[12:04:32] [Worker-Main1/DEBUG] [REI]  - EntryTypeRegistryImpl
[12:04:32] [Worker-Main1/DEBUG] [REI]  - EntrySettingsAdapterRegistryImpl
[12:04:32] [Worker-Main1/DEBUG] [REI]  - RecipeManagerContextImpl
[12:04:32] [Worker-Main1/DEBUG] [REI]  - ItemComparatorRegistryImpl
[12:04:32] [Worker-Main1/DEBUG] [REI]  - FluidComparatorRegistryImpl
[12:04:32] [Worker-Main1/DEBUG] [REI]  - DisplaySerializerRegistryImpl
[12:04:32] [Worker-Main1/DEBUG] [REI]  - FluidSupportProviderImpl
[12:04:32] [Worker-Main1/DEBUG] [REI] Plugins (3):
[12:04:32] [Worker-Main1/DEBUG] [REI]  - (-100.00) DefaultPluginImpl of DefaultPluginImpl [roughlyenoughitems]
[12:04:32] [Worker-Main1/DEBUG] [REI]  - (0.00) DefaultRuntimePlugin of DefaultRuntimePlugin [roughlyenoughitems]
[12:04:32] [Worker-Main1/DEBUG] [REI]  - (0.00) REI Plugin Compatibilities Server Handler of REI Plugin Compatibilities Server Handler [rei_plugin_compatibilities, jei]
[12:04:32] [Worker-Main1/DEBUG] [REI] ========================================
[12:04:32] [Worker-Main1/TRACE] [REI] [REIPlugin START] Reloading Section: "post-register/"
[12:04:32] [Worker-Main1/TRACE] [REI] [REIPlugin START] Reloading Section: "post-register/DefaultPluginImpl of DefaultPluginImpl [roughlyenoughitems]/"
[12:04:32] [Worker-Main1/TRACE] [REI] [REIPlugin START] Reloading Section: "post-register/DefaultPluginImpl of DefaultPluginImpl [roughlyenoughitems]/" done in 146.2 μs
[12:04:32] [Worker-Main1/TRACE] [REI] [REIPlugin START] Reloading Section: "post-register/DefaultRuntimePlugin of DefaultRuntimePlugin [roughlyenoughitems]/"
[12:04:32] [Worker-Main1/TRACE] [REI] [REIPlugin START] Reloading Section: "post-register/DefaultRuntimePlugin of DefaultRuntimePlugin [roughlyenoughitems]/" done in 8.696 μs
[12:04:32] [Worker-Main1/TRACE] [REI] [REIPlugin START] Reloading Section: "post-register/REI Plugin Compatibilities Server Handler of REI Plugin Compatibilities Server Handler [rei_plugin_compatibilities, jei]/"
[12:04:32] [Worker-Main1/TRACE] [REI] [REIPlugin START] Reloading Section: "post-register/REI Plugin Compatibilities Server Handler of REI Plugin Compatibilities Server Handler [rei_plugin_compatibilities, jei]/" done in 7.864 μs
[12:04:32] [Worker-Main1/TRACE] [REI] [REIPlugin START] Reloading Section: "post-register/" done in 723.1 μs
[12:04:32] [Worker-Main1/DEBUG] [REI] ========================================
[12:04:32] [Worker-Main1/INFO] [REI] REIPlugin finished post-reload for START in 807.9 μs, totaling 32.47 ms.
[12:04:32] [Worker-Main1/DEBUG] [REI] ========================================
[12:04:32] [Worker-Main1/DEBUG] [REI] ========================================
[12:04:32] [Worker-Main1/DEBUG] [REI] REIServerPlugin starting post-reload for START.
[12:04:32] [Worker-Main1/DEBUG] [REI] Reloadables (1):
[12:04:32] [Worker-Main1/DEBUG] [REI]  - MenuInfoRegistryImpl
[12:04:32] [Worker-Main1/DEBUG] [REI] Plugins (3):
[12:04:32] [Worker-Main1/DEBUG] [REI]  - (-100.00) DefaultPluginImpl of DefaultPluginImpl [roughlyenoughitems]
[12:04:32] [Worker-Main1/DEBUG] [REI]  - (0.00) REI Plugin Compatibilities Server Handler of REI Plugin Compatibilities Server Handler [rei_plugin_compatibilities, jei]
[12:04:32] [Worker-Main1/DEBUG] [REI]  - (0.00) DefaultRuntimePlugin of DefaultRuntimePlugin [roughlyenoughitems]
[12:04:32] [Worker-Main1/DEBUG] [REI] ========================================
[12:04:32] [Worker-Main1/TRACE] [REI] [REIServerPlugin START] Reloading Section: "post-register/"
[12:04:32] [Worker-Main1/TRACE] [REI] [REIServerPlugin START] Reloading Section: "post-register/DefaultPluginImpl of DefaultPluginImpl [roughlyenoughitems]/"
[12:04:32] [Worker-Main1/TRACE] [REI] [REIServerPlugin START] Reloading Section: "post-register/DefaultPluginImpl of DefaultPluginImpl [roughlyenoughitems]/" done in 7.995 μs
[12:04:32] [Worker-Main1/TRACE] [REI] [REIServerPlugin START] Reloading Section: "post-register/REI Plugin Compatibilities Server Handler of REI Plugin Compatibilities Server Handler [rei_plugin_compatibilities, jei]/"
[12:04:32] [Worker-Main1/TRACE] [REI] [REIServerPlugin START] Reloading Section: "post-register/REI Plugin Compatibilities Server Handler of REI Plugin Compatibilities Server Handler [rei_plugin_compatibilities, jei]/" done in 7.614 μs
[12:04:32] [Worker-Main1/TRACE] [REI] [REIServerPlugin START] Reloading Section: "post-register/DefaultRuntimePlugin of DefaultRuntimePlugin [roughlyenoughitems]/"
[12:04:32] [Worker-Main1/TRACE] [REI] [REIServerPlugin START] Reloading Section: "post-register/DefaultRuntimePlugin of DefaultRuntimePlugin [roughlyenoughitems]/" done in 7.835 μs
[12:04:32] [Worker-Main1/TRACE] [REI] [REIServerPlugin START] Reloading Section: "post-register/" done in 381.4 μs
[12:04:32] [Worker-Main1/DEBUG] [REI] ========================================
[12:04:32] [Worker-Main1/INFO] [REI] REIServerPlugin finished post-reload for START in 489.2 μs, totaling 3.599 ms.
[12:04:32] [Worker-Main1/DEBUG] [REI] ========================================
[12:04:32] [Worker-Main1/DEBUG] [REI] ========================================
[12:04:32] [Worker-Main1/DEBUG] [REI] REIPlugin starting pre-reload for END.
[12:04:32] [Worker-Main1/DEBUG] [REI] Reloadables (7):
[12:04:32] [Worker-Main1/DEBUG] [REI]  - EntryTypeRegistryImpl
[12:04:32] [Worker-Main1/DEBUG] [REI]  - EntrySettingsAdapterRegistryImpl
[12:04:32] [Worker-Main1/DEBUG] [REI]  - RecipeManagerContextImpl
[12:04:32] [Worker-Main1/DEBUG] [REI]  - ItemComparatorRegistryImpl
[12:04:32] [Worker-Main1/DEBUG] [REI]  - FluidComparatorRegistryImpl
[12:04:32] [Worker-Main1/DEBUG] [REI]  - DisplaySerializerRegistryImpl
[12:04:32] [Worker-Main1/DEBUG] [REI]  - FluidSupportProviderImpl
[12:04:32] [Worker-Main1/DEBUG] [REI] Plugins (3):
[12:04:32] [Worker-Main1/DEBUG] [REI]  - (-100.00) DefaultPluginImpl of DefaultPluginImpl [roughlyenoughitems]
[12:04:32] [Worker-Main1/DEBUG] [REI]  - (0.00) DefaultRuntimePlugin of DefaultRuntimePlugin [roughlyenoughitems]
[12:04:32] [Worker-Main1/DEBUG] [REI]  - (0.00) REI Plugin Compatibilities Server Handler of REI Plugin Compatibilities Server Handler [rei_plugin_compatibilities, jei]
[12:04:32] [Worker-Main1/DEBUG] [REI] ========================================
[12:04:32] [Worker-Main1/TRACE] [REI] [REIPlugin END] Reloading Section: "pre-register/"
[12:04:32] [Worker-Main1/TRACE] [REI] [REIPlugin END] Reloading Section: "pre-register/DefaultPluginImpl of DefaultPluginImpl [roughlyenoughitems]/"
[12:04:32] [Worker-Main1/TRACE] [REI] [REIPlugin END] Reloading Section: "pre-register/DefaultPluginImpl of DefaultPluginImpl [roughlyenoughitems]/" done in 8.536 μs
[12:04:32] [Worker-Main1/TRACE] [REI] [REIPlugin END] Reloading Section: "pre-register/DefaultRuntimePlugin of DefaultRuntimePlugin [roughlyenoughitems]/"
[12:04:32] [Worker-Main1/TRACE] [REI] [REIPlugin END] Reloading Section: "pre-register/DefaultRuntimePlugin of DefaultRuntimePlugin [roughlyenoughitems]/" done in 6.512 μs
[12:04:32] [Worker-Main1/TRACE] [REI] [REIPlugin END] Reloading Section: "pre-register/REI Plugin Compatibilities Server Handler of REI Plugin Compatibilities Server Handler [rei_plugin_compatibilities, jei]/"
[12:04:32] [Worker-Main1/TRACE] [REI] [REIPlugin END] Reloading Section: "pre-register/REI Plugin Compatibilities Server Handler of REI Plugin Compatibilities Server Handler [rei_plugin_compatibilities, jei]/" done in 6.342 μs
[12:04:32] [Worker-Main1/TRACE] [REI] [REIPlugin END] Reloading Section: "pre-register/" done in 287.9 μs
[12:04:32] [Worker-Main1/DEBUG] [REI] ========================================
[12:04:32] [Worker-Main1/DEBUG] [REI] REIPlugin finished pre-reload for END in 359.8 μs.
[12:04:32] [Worker-Main1/DEBUG] [REI] ========================================
[12:04:32] [Worker-Main1/DEBUG] [REI] ========================================
[12:04:32] [Worker-Main1/DEBUG] [REI] REIServerPlugin starting pre-reload for END.
[12:04:32] [Worker-Main1/DEBUG] [REI] Reloadables (1):
[12:04:32] [Worker-Main1/DEBUG] [REI]  - MenuInfoRegistryImpl
[12:04:32] [Worker-Main1/DEBUG] [REI] Plugins (3):
[12:04:32] [Worker-Main1/DEBUG] [REI]  - (-100.00) DefaultPluginImpl of DefaultPluginImpl [roughlyenoughitems]
[12:04:32] [Worker-Main1/DEBUG] [REI]  - (0.00) REI Plugin Compatibilities Server Handler of REI Plugin Compatibilities Server Handler [rei_plugin_compatibilities, jei]
[12:04:32] [Worker-Main1/DEBUG] [REI]  - (0.00) DefaultRuntimePlugin of DefaultRuntimePlugin [roughlyenoughitems]
[12:04:32] [Worker-Main1/DEBUG] [REI] ========================================
[12:04:32] [Worker-Main1/TRACE] [REI] [REIServerPlugin END] Reloading Section: "pre-register/"
[12:04:32] [Worker-Main1/TRACE] [REI] [REIServerPlugin END] Reloading Section: "pre-register/DefaultPluginImpl of DefaultPluginImpl [roughlyenoughitems]/"
[12:04:32] [Worker-Main1/TRACE] [REI] [REIServerPlugin END] Reloading Section: "pre-register/DefaultPluginImpl of DefaultPluginImpl [roughlyenoughitems]/" done in 7.624 μs
[12:04:32] [Worker-Main1/TRACE] [REI] [REIServerPlugin END] Reloading Section: "pre-register/REI Plugin Compatibilities Server Handler of REI Plugin Compatibilities Server Handler [rei_plugin_compatibilities, jei]/"
[12:04:32] [Worker-Main1/TRACE] [REI] [REIServerPlugin END] Reloading Section: "pre-register/REI Plugin Compatibilities Server Handler of REI Plugin Compatibilities Server Handler [rei_plugin_compatibilities, jei]/" done in 6.222 μs
[12:04:32] [Worker-Main1/TRACE] [REI] [REIServerPlugin END] Reloading Section: "pre-register/DefaultRuntimePlugin of DefaultRuntimePlugin [roughlyenoughitems]/"
[12:04:32] [Worker-Main1/TRACE] [REI] [REIServerPlugin END] Reloading Section: "pre-register/DefaultRuntimePlugin of DefaultRuntimePlugin [roughlyenoughitems]/" done in 6.132 μs
[12:04:32] [Worker-Main1/TRACE] [REI] [REIServerPlugin END] Reloading Section: "pre-register/" done in 258.0 μs
[12:04:32] [Worker-Main1/DEBUG] [REI] ========================================
[12:04:32] [Worker-Main1/DEBUG] [REI] REIServerPlugin finished pre-reload for END in 338.2 μs.
[12:04:32] [Worker-Main1/DEBUG] [REI] ========================================
[12:04:32] [Worker-Main1/INFO] [REI] @@@@@@@@@@@@@@@@@@@@@@@@@@@@@@@@@@@@@@@@
[12:04:32] [Worker-Main1/INFO] [REI] REIPlugin starting main-reload for END.
[12:04:32] [Worker-Main1/DEBUG] [REI] Reloadables (7):
[12:04:32] [Worker-Main1/DEBUG] [REI]  - EntryTypeRegistryImpl
[12:04:32] [Worker-Main1/DEBUG] [REI]  - EntrySettingsAdapterRegistryImpl
[12:04:32] [Worker-Main1/DEBUG] [REI]  - RecipeManagerContextImpl
[12:04:32] [Worker-Main1/DEBUG] [REI]  - ItemComparatorRegistryImpl
[12:04:32] [Worker-Main1/DEBUG] [REI]  - FluidComparatorRegistryImpl
[12:04:32] [Worker-Main1/DEBUG] [REI]  - DisplaySerializerRegistryImpl
[12:04:32] [Worker-Main1/DEBUG] [REI]  - FluidSupportProviderImpl
[12:04:32] [Worker-Main1/INFO] [REI] Plugins (3):
[12:04:32] [Worker-Main1/INFO] [REI]  - (-100.00) DefaultPluginImpl of DefaultPluginImpl [roughlyenoughitems]
[12:04:32] [Worker-Main1/INFO] [REI]  - (0.00) DefaultRuntimePlugin of DefaultRuntimePlugin [roughlyenoughitems]
[12:04:32] [Worker-Main1/INFO] [REI]  - (0.00) REI Plugin Compatibilities Server Handler of REI Plugin Compatibilities Server Handler [rei_plugin_compatibilities, jei]
[12:04:32] [Worker-Main1/INFO] [REI] @@@@@@@@@@@@@@@@@@@@@@@@@@@@@@@@@@@@@@@@
[12:04:32] [Worker-Main1/TRACE] [REI] [REIPlugin END] Reloading Section: "start-reload/"
[12:04:32] [Worker-Main1/TRACE] [REI] [REIPlugin END] Reloading Section: "start-reload/EntryTypeRegistryImpl/"
[12:04:32] [Worker-Main1/TRACE] [REI] [REIPlugin END] Reloading Section: "start-reload/EntryTypeRegistryImpl/" done in 6.582 μs
[12:04:32] [Worker-Main1/TRACE] [REI] [REIPlugin END] Reloading Section: "start-reload/EntrySettingsAdapterRegistryImpl/"
[12:04:32] [Worker-Main1/TRACE] [REI] [REIPlugin END] Reloading Section: "start-reload/EntrySettingsAdapterRegistryImpl/" done in 16.25 μs
[12:04:32] [Worker-Main1/TRACE] [REI] [REIPlugin END] Reloading Section: "start-reload/RecipeManagerContextImpl/"
[12:04:32] [Worker-Main1/TRACE] [REI] [REIPlugin END] Reloading Section: "start-reload/RecipeManagerContextImpl/" done in 6.522 μs
[12:04:32] [Worker-Main1/TRACE] [REI] [REIPlugin END] Reloading Section: "start-reload/ItemComparatorRegistryImpl/"
[12:04:32] [Worker-Main1/TRACE] [REI] [REIPlugin END] Reloading Section: "start-reload/ItemComparatorRegistryImpl/" done in 5.269 μs
[12:04:32] [Worker-Main1/TRACE] [REI] [REIPlugin END] Reloading Section: "start-reload/FluidComparatorRegistryImpl/"
[12:04:32] [Worker-Main1/TRACE] [REI] [REIPlugin END] Reloading Section: "start-reload/FluidComparatorRegistryImpl/" done in 4.659 μs
[12:04:32] [Worker-Main1/TRACE] [REI] [REIPlugin END] Reloading Section: "start-reload/DisplaySerializerRegistryImpl/"
[12:04:32] [Worker-Main1/TRACE] [REI] [REIPlugin END] Reloading Section: "start-reload/DisplaySerializerRegistryImpl/" done in 12.24 μs
[12:04:32] [Worker-Main1/TRACE] [REI] [REIPlugin END] Reloading Section: "start-reload/FluidSupportProviderImpl/"
[12:04:32] [Worker-Main1/TRACE] [REI] [REIPlugin END] Reloading Section: "start-reload/FluidSupportProviderImpl/" done in 4.488 μs
[12:04:32] [Worker-Main1/TRACE] [REI] [REIPlugin END] Reloading Section: "start-reload/" done in 685.6 μs
[12:04:32] [Worker-Main1/DEBUG] [REI] ========================================
[12:04:32] [Worker-Main1/DEBUG] [REI] REIPlugin started main-reload for END.
[12:04:32] [Worker-Main1/DEBUG] [REI] ========================================
[12:04:32] [Worker-Main1/TRACE] [REI] [REIPlugin END] Reloading Section: "reloadable-plugin/EntryTypeRegistryImpl/"
[12:04:32] [Worker-Main1/TRACE] [REI] [REIPlugin END] Reloading Section: "reloadable-plugin/EntryTypeRegistryImpl/DefaultPluginImpl of DefaultPluginImpl [roughlyenoughitems]/"
[12:04:32] [Worker-Main1/TRACE] [REI] [REIPlugin END] Reloading Section: "reloadable-plugin/EntryTypeRegistryImpl/DefaultPluginImpl of DefaultPluginImpl [roughlyenoughitems]/" done in 10.56 μs
[12:04:32] [Worker-Main1/TRACE] [REI] [REIPlugin END] Reloading Section: "reloadable-plugin/EntryTypeRegistryImpl/DefaultRuntimePlugin of DefaultRuntimePlugin [roughlyenoughitems]/"
[12:04:32] [Worker-Main1/TRACE] [REI] [REIPlugin END] Reloading Section: "reloadable-plugin/EntryTypeRegistryImpl/DefaultRuntimePlugin of DefaultRuntimePlugin [roughlyenoughitems]/" done in 10.58 μs
[12:04:32] [Worker-Main1/TRACE] [REI] [REIPlugin END] Reloading Section: "reloadable-plugin/EntryTypeRegistryImpl/REI Plugin Compatibilities Server Handler of REI Plugin Compatibilities Server Handler [rei_plugin_compatibilities, jei]/"
[12:04:32] [Worker-Main1/TRACE] [REI] [REIPlugin END] Reloading Section: "reloadable-plugin/EntryTypeRegistryImpl/REI Plugin Compatibilities Server Handler of REI Plugin Compatibilities Server Handler [rei_plugin_compatibilities, jei]/" done in 12.82 μs
[12:04:32] [Worker-Main1/TRACE] [REI] [REIPlugin END] Reloading Section: "reloadable-plugin/EntryTypeRegistryImpl/" done in 459.9 μs
[12:04:32] [Worker-Main1/TRACE] [REI] [REIPlugin END] Reloading Section: "reloadable-plugin/EntrySettingsAdapterRegistryImpl/"
[12:04:32] [Worker-Main1/TRACE] [REI] [REIPlugin END] Reloading Section: "reloadable-plugin/EntrySettingsAdapterRegistryImpl/DefaultPluginImpl of DefaultPluginImpl [roughlyenoughitems]/"
[12:04:32] [Worker-Main1/TRACE] [REI] [REIPlugin END] Reloading Section: "reloadable-plugin/EntrySettingsAdapterRegistryImpl/DefaultPluginImpl of DefaultPluginImpl [roughlyenoughitems]/" done in 18.45 μs
[12:04:32] [Worker-Main1/TRACE] [REI] [REIPlugin END] Reloading Section: "reloadable-plugin/EntrySettingsAdapterRegistryImpl/DefaultRuntimePlugin of DefaultRuntimePlugin [roughlyenoughitems]/"
[12:04:32] [Worker-Main1/TRACE] [REI] [REIPlugin END] Reloading Section: "reloadable-plugin/EntrySettingsAdapterRegistryImpl/DefaultRuntimePlugin of DefaultRuntimePlugin [roughlyenoughitems]/" done in 12.45 μs
[12:04:32] [Worker-Main1/TRACE] [REI] [REIPlugin END] Reloading Section: "reloadable-plugin/EntrySettingsAdapterRegistryImpl/REI Plugin Compatibilities Server Handler of REI Plugin Compatibilities Server Handler [rei_plugin_compatibilities, jei]/"
[12:04:32] [Worker-Main1/TRACE] [REI] [REIPlugin END] Reloading Section: "reloadable-plugin/EntrySettingsAdapterRegistryImpl/REI Plugin Compatibilities Server Handler of REI Plugin Compatibilities Server Handler [rei_plugin_compatibilities, jei]/" done in 10.76 μs
[12:04:32] [Worker-Main1/TRACE] [REI] [REIPlugin END] Reloading Section: "reloadable-plugin/EntrySettingsAdapterRegistryImpl/" done in 379.0 μs
[12:04:32] [Worker-Main1/TRACE] [REI] [REIPlugin END] Reloading Section: "reloadable-plugin/RecipeManagerContextImpl/"
[12:04:32] [Worker-Main1/TRACE] [REI] [REIPlugin END] Reloading Section: "reloadable-plugin/RecipeManagerContextImpl/DefaultPluginImpl of DefaultPluginImpl [roughlyenoughitems]/"
[12:04:32] [Worker-Main1/TRACE] [REI] [REIPlugin END] Reloading Section: "reloadable-plugin/RecipeManagerContextImpl/DefaultPluginImpl of DefaultPluginImpl [roughlyenoughitems]/" done in 11.54 μs
[12:04:32] [Worker-Main1/TRACE] [REI] [REIPlugin END] Reloading Section: "reloadable-plugin/RecipeManagerContextImpl/DefaultRuntimePlugin of DefaultRuntimePlugin [roughlyenoughitems]/"
[12:04:32] [Worker-Main1/TRACE] [REI] [REIPlugin END] Reloading Section: "reloadable-plugin/RecipeManagerContextImpl/DefaultRuntimePlugin of DefaultRuntimePlugin [roughlyenoughitems]/" done in 11.99 μs
[12:04:32] [Worker-Main1/TRACE] [REI] [REIPlugin END] Reloading Section: "reloadable-plugin/RecipeManagerContextImpl/REI Plugin Compatibilities Server Handler of REI Plugin Compatibilities Server Handler [rei_plugin_compatibilities, jei]/"
[12:04:32] [Worker-Main1/TRACE] [REI] [REIPlugin END] Reloading Section: "reloadable-plugin/RecipeManagerContextImpl/REI Plugin Compatibilities Server Handler of REI Plugin Compatibilities Server Handler [rei_plugin_compatibilities, jei]/" done in 10.47 μs
[12:04:32] [Worker-Main1/TRACE] [REI] [REIPlugin END] Reloading Section: "reloadable-plugin/RecipeManagerContextImpl/" done in 329.0 μs
[12:04:32] [Worker-Main1/TRACE] [REI] [REIPlugin END] Reloading Section: "reloadable-plugin/ItemComparatorRegistryImpl/"
[12:04:32] [Worker-Main1/TRACE] [REI] [REIPlugin END] Reloading Section: "reloadable-plugin/ItemComparatorRegistryImpl/DefaultPluginImpl of DefaultPluginImpl [roughlyenoughitems]/"
[12:04:32] [Worker-Main1/TRACE] [REI] [REIPlugin END] Reloading Section: "reloadable-plugin/ItemComparatorRegistryImpl/DefaultPluginImpl of DefaultPluginImpl [roughlyenoughitems]/" done in 13.29 μs
[12:04:32] [Worker-Main1/TRACE] [REI] [REIPlugin END] Reloading Section: "reloadable-plugin/ItemComparatorRegistryImpl/DefaultRuntimePlugin of DefaultRuntimePlugin [roughlyenoughitems]/"
[12:04:32] [Worker-Main1/TRACE] [REI] [REIPlugin END] Reloading Section: "reloadable-plugin/ItemComparatorRegistryImpl/DefaultRuntimePlugin of DefaultRuntimePlugin [roughlyenoughitems]/" done in 10.16 μs
[12:04:32] [Worker-Main1/TRACE] [REI] [REIPlugin END] Reloading Section: "reloadable-plugin/ItemComparatorRegistryImpl/REI Plugin Compatibilities Server Handler of REI Plugin Compatibilities Server Handler [rei_plugin_compatibilities, jei]/"
[12:04:32] [Worker-Main1/TRACE] [REI] [REIPlugin END] Reloading Section: "reloadable-plugin/ItemComparatorRegistryImpl/REI Plugin Compatibilities Server Handler of REI Plugin Compatibilities Server Handler [rei_plugin_compatibilities, jei]/" done in 10.73 μs
[12:04:32] [Worker-Main1/TRACE] [REI] [REIPlugin END] Reloading Section: "reloadable-plugin/ItemComparatorRegistryImpl/" done in 636.3 μs
[12:04:32] [Worker-Main1/TRACE] [REI] [REIPlugin END] Reloading Section: "reloadable-plugin/FluidComparatorRegistryImpl/"
[12:04:32] [Worker-Main1/TRACE] [REI] [REIPlugin END] Reloading Section: "reloadable-plugin/FluidComparatorRegistryImpl/DefaultPluginImpl of DefaultPluginImpl [roughlyenoughitems]/"
[12:04:32] [Worker-Main1/TRACE] [REI] [REIPlugin END] Reloading Section: "reloadable-plugin/FluidComparatorRegistryImpl/DefaultPluginImpl of DefaultPluginImpl [roughlyenoughitems]/" done in 10.99 μs
[12:04:32] [Worker-Main1/TRACE] [REI] [REIPlugin END] Reloading Section: "reloadable-plugin/FluidComparatorRegistryImpl/DefaultRuntimePlugin of DefaultRuntimePlugin [roughlyenoughitems]/"
[12:04:32] [Worker-Main1/TRACE] [REI] [REIPlugin END] Reloading Section: "reloadable-plugin/FluidComparatorRegistryImpl/DefaultRuntimePlugin of DefaultRuntimePlugin [roughlyenoughitems]/" done in 11.61 μs
[12:04:32] [Worker-Main1/TRACE] [REI] [REIPlugin END] Reloading Section: "reloadable-plugin/FluidComparatorRegistryImpl/REI Plugin Compatibilities Server Handler of REI Plugin Compatibilities Server Handler [rei_plugin_compatibilities, jei]/"
[12:04:32] [Worker-Main1/TRACE] [REI] [REIPlugin END] Reloading Section: "reloadable-plugin/FluidComparatorRegistryImpl/REI Plugin Compatibilities Server Handler of REI Plugin Compatibilities Server Handler [rei_plugin_compatibilities, jei]/" done in 11.41 μs
[12:04:32] [Worker-Main1/TRACE] [REI] [REIPlugin END] Reloading Section: "reloadable-plugin/FluidComparatorRegistryImpl/" done in 435.8 μs
[12:04:32] [Worker-Main1/TRACE] [REI] [REIPlugin END] Reloading Section: "reloadable-plugin/DisplaySerializerRegistryImpl/"
[12:04:32] [Worker-Main1/TRACE] [REI] [REIPlugin END] Reloading Section: "reloadable-plugin/DisplaySerializerRegistryImpl/DefaultPluginImpl of DefaultPluginImpl [roughlyenoughitems]/"
[12:04:32] [Worker-Main1/TRACE] [REI] [REIPlugin END] Reloading Section: "reloadable-plugin/DisplaySerializerRegistryImpl/DefaultPluginImpl of DefaultPluginImpl [roughlyenoughitems]/" done in 22.35 ms
[12:04:32] [Worker-Main1/TRACE] [REI] [REIPlugin END] Reloading Section: "reloadable-plugin/DisplaySerializerRegistryImpl/DefaultRuntimePlugin of DefaultRuntimePlugin [roughlyenoughitems]/"
[12:04:32] [Worker-Main1/TRACE] [REI] [REIPlugin END] Reloading Section: "reloadable-plugin/DisplaySerializerRegistryImpl/DefaultRuntimePlugin of DefaultRuntimePlugin [roughlyenoughitems]/" done in 18.97 μs
[12:04:32] [Worker-Main1/TRACE] [REI] [REIPlugin END] Reloading Section: "reloadable-plugin/DisplaySerializerRegistryImpl/REI Plugin Compatibilities Server Handler of REI Plugin Compatibilities Server Handler [rei_plugin_compatibilities, jei]/"
[12:04:32] [Worker-Main1/TRACE] [REI] [REIPlugin END] Reloading Section: "reloadable-plugin/DisplaySerializerRegistryImpl/REI Plugin Compatibilities Server Handler of REI Plugin Compatibilities Server Handler [rei_plugin_compatibilities, jei]/" done in 13.21 μs
[12:04:32] [Worker-Main1/TRACE] [REI] [REIPlugin END] Reloading Section: "reloadable-plugin/DisplaySerializerRegistryImpl/" done in 22.92 ms
[12:04:32] [Worker-Main1/TRACE] [REI] [REIPlugin END] Reloading Section: "reloadable-plugin/FluidSupportProviderImpl/"
[12:04:32] [Worker-Main1/TRACE] [REI] [REIPlugin END] Reloading Section: "reloadable-plugin/FluidSupportProviderImpl/DefaultPluginImpl of DefaultPluginImpl [roughlyenoughitems]/"
[12:04:32] [Worker-Main1/TRACE] [REI] [REIPlugin END] Reloading Section: "reloadable-plugin/FluidSupportProviderImpl/DefaultPluginImpl of DefaultPluginImpl [roughlyenoughitems]/" done in 12.44 μs
[12:04:32] [Worker-Main1/TRACE] [REI] [REIPlugin END] Reloading Section: "reloadable-plugin/FluidSupportProviderImpl/DefaultRuntimePlugin of DefaultRuntimePlugin [roughlyenoughitems]/"
[12:04:32] [Worker-Main1/TRACE] [REI] [REIPlugin END] Reloading Section: "reloadable-plugin/FluidSupportProviderImpl/DefaultRuntimePlugin of DefaultRuntimePlugin [roughlyenoughitems]/" done in 11.61 μs
[12:04:32] [Worker-Main1/TRACE] [REI] [REIPlugin END] Reloading Section: "reloadable-plugin/FluidSupportProviderImpl/REI Plugin Compatibilities Server Handler of REI Plugin Compatibilities Server Handler [rei_plugin_compatibilities, jei]/"
[12:04:32] [Worker-Main1/TRACE] [REI] [REIPlugin END] Reloading Section: "reloadable-plugin/FluidSupportProviderImpl/REI Plugin Compatibilities Server Handler of REI Plugin Compatibilities Server Handler [rei_plugin_compatibilities, jei]/" done in 11.40 μs
[12:04:32] [Worker-Main1/TRACE] [REI] [REIPlugin END] Reloading Section: "reloadable-plugin/FluidSupportProviderImpl/" done in 435.2 μs
[12:04:32] [Worker-Main1/DEBUG] [REI] ========================================
[12:04:32] [Worker-Main1/DEBUG] [REI] REIPlugin ending main-reload for END.
[12:04:32] [Worker-Main1/DEBUG] [REI] ========================================
[12:04:32] [Worker-Main1/TRACE] [REI] [REIPlugin END] Reloading Section: "end-reload/"
[12:04:32] [Worker-Main1/TRACE] [REI] [REIPlugin END] Reloading Section: "end-reload/EntryTypeRegistryImpl/"
[12:04:32] [Worker-Main1/TRACE] [REI] [REIPlugin END] Reloading Section: "end-reload/EntryTypeRegistryImpl/" done in 5.390 μs
[12:04:32] [Worker-Main1/TRACE] [REI] [REIPlugin END] Reloading Section: "end-reload/EntrySettingsAdapterRegistryImpl/"
[12:04:32] [Worker-Main1/TRACE] [REI] [REIPlugin END] Reloading Section: "end-reload/EntrySettingsAdapterRegistryImpl/" done in 5.039 μs
[12:04:32] [Worker-Main1/TRACE] [REI] [REIPlugin END] Reloading Section: "end-reload/RecipeManagerContextImpl/"
[12:04:32] [Worker-Main1/TRACE] [REI] [REIPlugin END] Reloading Section: "end-reload/RecipeManagerContextImpl/" done in 4.288 μs
[12:04:32] [Worker-Main1/TRACE] [REI] [REIPlugin END] Reloading Section: "end-reload/ItemComparatorRegistryImpl/"
[12:04:32] [Worker-Main1/TRACE] [REI] [REIPlugin END] Reloading Section: "end-reload/ItemComparatorRegistryImpl/" done in 4.439 μs
[12:04:32] [Worker-Main1/TRACE] [REI] [REIPlugin END] Reloading Section: "end-reload/FluidComparatorRegistryImpl/"
[12:04:32] [Worker-Main1/TRACE] [REI] [REIPlugin END] Reloading Section: "end-reload/FluidComparatorRegistryImpl/" done in 4.659 μs
[12:04:32] [Worker-Main1/TRACE] [REI] [REIPlugin END] Reloading Section: "end-reload/DisplaySerializerRegistryImpl/"
[12:04:32] [Worker-Main1/TRACE] [REI] [REIPlugin END] Reloading Section: "end-reload/DisplaySerializerRegistryImpl/" done in 5.510 μs
[12:04:32] [Worker-Main1/TRACE] [REI] [REIPlugin END] Reloading Section: "end-reload/FluidSupportProviderImpl/"
[12:04:32] [Worker-Main1/TRACE] [REI] [REIPlugin END] Reloading Section: "end-reload/FluidSupportProviderImpl/" done in 5.239 μs
[12:04:32] [Worker-Main1/TRACE] [REI] [REIPlugin END] Reloading Section: "end-reload/" done in 612.0 μs
[12:04:32] [Worker-Main1/DEBUG] [REI] ========================================
[12:04:32] [Worker-Main1/DEBUG] [REI] REIPlugin ended main-reload for END in 29.60 ms.
[12:04:32] [Worker-Main1/DEBUG] [REI] ========================================
[12:04:32] [Worker-Main1/INFO] [REI] @@@@@@@@@@@@@@@@@@@@@@@@@@@@@@@@@@@@@@@@
[12:04:32] [Worker-Main1/INFO] [REI] REIServerPlugin starting main-reload for END.
[12:04:32] [Worker-Main1/DEBUG] [REI] Reloadables (1):
[12:04:32] [Worker-Main1/DEBUG] [REI]  - MenuInfoRegistryImpl
[12:04:32] [Worker-Main1/INFO] [REI] Plugins (3):
[12:04:32] [Worker-Main1/INFO] [REI]  - (-100.00) DefaultPluginImpl of DefaultPluginImpl [roughlyenoughitems]
[12:04:32] [Worker-Main1/INFO] [REI]  - (0.00) REI Plugin Compatibilities Server Handler of REI Plugin Compatibilities Server Handler [rei_plugin_compatibilities, jei]
[12:04:32] [Worker-Main1/INFO] [REI]  - (0.00) DefaultRuntimePlugin of DefaultRuntimePlugin [roughlyenoughitems]
[12:04:32] [Worker-Main1/INFO] [REI] @@@@@@@@@@@@@@@@@@@@@@@@@@@@@@@@@@@@@@@@
[12:04:32] [Worker-Main1/TRACE] [REI] [REIServerPlugin END] Reloading Section: "start-reload/"
[12:04:32] [Worker-Main1/TRACE] [REI] [REIServerPlugin END] Reloading Section: "start-reload/MenuInfoRegistryImpl/"
[12:04:32] [Worker-Main1/TRACE] [REI] [REIServerPlugin END] Reloading Section: "start-reload/MenuInfoRegistryImpl/" done in 17.24 μs
[12:04:32] [Worker-Main1/TRACE] [REI] [REIServerPlugin END] Reloading Section: "start-reload/" done in 116.1 μs
[12:04:32] [Worker-Main1/DEBUG] [REI] ========================================
[12:04:32] [Worker-Main1/DEBUG] [REI] REIServerPlugin started main-reload for END.
[12:04:32] [Worker-Main1/DEBUG] [REI] ========================================
[12:04:32] [Worker-Main1/TRACE] [REI] [REIServerPlugin END] Reloading Section: "reloadable-plugin/MenuInfoRegistryImpl/"
[12:04:32] [Worker-Main1/TRACE] [REI] [REIServerPlugin END] Reloading Section: "reloadable-plugin/MenuInfoRegistryImpl/DefaultPluginImpl of DefaultPluginImpl [roughlyenoughitems]/"
[12:04:32] [Worker-Main1/DEBUG] [REI] Added menu info for class net.minecraft.world.inventory.CraftingMenu [minecraft:plugins/crafting]: me.shedaniel.rei.api.common.transfer.info.simple.SimpleMenuInfoProvider$$Lambda$35283/0x00007f224f92f450@29dc888f
[12:04:32] [Worker-Main1/DEBUG] [REI] Added menu info for class net.minecraft.world.inventory.InventoryMenu [minecraft:plugins/crafting]: me.shedaniel.rei.api.common.transfer.info.simple.SimpleMenuInfoProvider$$Lambda$35283/0x00007f224f92f450@260976e5
[12:04:32] [Worker-Main1/DEBUG] [REI] Added menu info for class net.minecraft.world.inventory.FurnaceMenu [minecraft:plugins/smelting]: me.shedaniel.rei.api.common.transfer.info.simple.SimpleMenuInfoProvider$$Lambda$35283/0x00007f224f92f450@77433248
[12:04:32] [Worker-Main1/DEBUG] [REI] Added menu info for class net.minecraft.world.inventory.SmokerMenu [minecraft:plugins/smoking]: me.shedaniel.rei.api.common.transfer.info.simple.SimpleMenuInfoProvider$$Lambda$35283/0x00007f224f92f450@549bcb10
[12:04:32] [Worker-Main1/DEBUG] [REI] Added menu info for class net.minecraft.world.inventory.BlastFurnaceMenu [minecraft:plugins/blasting]: me.shedaniel.rei.api.common.transfer.info.simple.SimpleMenuInfoProvider$$Lambda$35283/0x00007f224f92f450@3251f134
[12:04:32] [Worker-Main1/TRACE] [REI] [REIServerPlugin END] Reloading Section: "reloadable-plugin/MenuInfoRegistryImpl/DefaultPluginImpl of DefaultPluginImpl [roughlyenoughitems]/" done in 6.287 ms
[12:04:32] [Worker-Main1/TRACE] [REI] [REIServerPlugin END] Reloading Section: "reloadable-plugin/MenuInfoRegistryImpl/REI Plugin Compatibilities Server Handler of REI Plugin Compatibilities Server Handler [rei_plugin_compatibilities, jei]/"
[12:04:32] [Worker-Main1/DEBUG] [REI] Added generic menu info for: me.shedaniel.rei.plugincompatibilities.fkEnyfft7oi.RDXOL8eBoUO@2ab35013
[12:04:32] [Worker-Main1/TRACE] [REI] [REIServerPlugin END] Reloading Section: "reloadable-plugin/MenuInfoRegistryImpl/REI Plugin Compatibilities Server Handler of REI Plugin Compatibilities Server Handler [rei_plugin_compatibilities, jei]/" done in 2.137 ms
[12:04:32] [Worker-Main1/TRACE] [REI] [REIServerPlugin END] Reloading Section: "reloadable-plugin/MenuInfoRegistryImpl/DefaultRuntimePlugin of DefaultRuntimePlugin [roughlyenoughitems]/"
[12:04:32] [Worker-Main1/TRACE] [REI] [REIServerPlugin END] Reloading Section: "reloadable-plugin/MenuInfoRegistryImpl/DefaultRuntimePlugin of DefaultRuntimePlugin [roughlyenoughitems]/" done in 17.15 μs
[12:04:32] [Worker-Main1/TRACE] [REI] [REIServerPlugin END] Reloading Section: "reloadable-plugin/MenuInfoRegistryImpl/" done in 8.862 ms
[12:04:32] [Worker-Main1/DEBUG] [REI] ========================================
[12:04:32] [Worker-Main1/DEBUG] [REI] REIServerPlugin ending main-reload for END.
[12:04:32] [Worker-Main1/DEBUG] [REI] ========================================
[12:04:32] [Worker-Main1/TRACE] [REI] [REIServerPlugin END] Reloading Section: "end-reload/"
[12:04:32] [Worker-Main1/TRACE] [REI] [REIServerPlugin END] Reloading Section: "end-reload/MenuInfoRegistryImpl/"
[12:04:32] [Worker-Main1/DEBUG] [REI] Registered 5 menu infos
[12:04:32] [Worker-Main1/TRACE] [REI] [REIServerPlugin END] Reloading Section: "end-reload/MenuInfoRegistryImpl/" done in 73.28 μs
[12:04:32] [Worker-Main1/TRACE] [REI] [REIServerPlugin END] Reloading Section: "end-reload/" done in 169.1 μs
[12:04:32] [Worker-Main1/DEBUG] [REI] ========================================
[12:04:32] [Worker-Main1/DEBUG] [REI] REIServerPlugin ended main-reload for END in 10.44 ms.
[12:04:32] [Worker-Main1/DEBUG] [REI] ========================================
[12:04:32] [Worker-Main1/DEBUG] [REI] ========================================
[12:04:32] [Worker-Main1/DEBUG] [REI] REIPlugin starting post-reload for END.
[12:04:32] [Worker-Main1/DEBUG] [REI] Reloadables (7):
[12:04:32] [Worker-Main1/DEBUG] [REI]  - EntryTypeRegistryImpl
[12:04:32] [Worker-Main1/DEBUG] [REI]  - EntrySettingsAdapterRegistryImpl
[12:04:32] [Worker-Main1/DEBUG] [REI]  - RecipeManagerContextImpl
[12:04:32] [Worker-Main1/DEBUG] [REI]  - ItemComparatorRegistryImpl
[12:04:32] [Worker-Main1/DEBUG] [REI]  - FluidComparatorRegistryImpl
[12:04:32] [Worker-Main1/DEBUG] [REI]  - DisplaySerializerRegistryImpl
[12:04:32] [Worker-Main1/DEBUG] [REI]  - FluidSupportProviderImpl
[12:04:32] [Worker-Main1/DEBUG] [REI] Plugins (3):
[12:04:32] [Worker-Main1/DEBUG] [REI]  - (-100.00) DefaultPluginImpl of DefaultPluginImpl [roughlyenoughitems]
[12:04:32] [Worker-Main1/DEBUG] [REI]  - (0.00) DefaultRuntimePlugin of DefaultRuntimePlugin [roughlyenoughitems]
[12:04:32] [Worker-Main1/DEBUG] [REI]  - (0.00) REI Plugin Compatibilities Server Handler of REI Plugin Compatibilities Server Handler [rei_plugin_compatibilities, jei]
[12:04:32] [Worker-Main1/DEBUG] [REI] ========================================
[12:04:32] [Worker-Main1/TRACE] [REI] [REIPlugin END] Reloading Section: "post-register/"
[12:04:32] [Worker-Main1/TRACE] [REI] [REIPlugin END] Reloading Section: "post-register/DefaultPluginImpl of DefaultPluginImpl [roughlyenoughitems]/"
[12:04:32] [Worker-Main1/TRACE] [REI] [REIPlugin END] Reloading Section: "post-register/DefaultPluginImpl of DefaultPluginImpl [roughlyenoughitems]/" done in 8.866 μs
[12:04:32] [Worker-Main1/TRACE] [REI] [REIPlugin END] Reloading Section: "post-register/DefaultRuntimePlugin of DefaultRuntimePlugin [roughlyenoughitems]/"
[12:04:32] [Worker-Main1/TRACE] [REI] [REIPlugin END] Reloading Section: "post-register/DefaultRuntimePlugin of DefaultRuntimePlugin [roughlyenoughitems]/" done in 6.953 μs
[12:04:32] [Worker-Main1/TRACE] [REI] [REIPlugin END] Reloading Section: "post-register/REI Plugin Compatibilities Server Handler of REI Plugin Compatibilities Server Handler [rei_plugin_compatibilities, jei]/"
[12:04:32] [Worker-Main1/TRACE] [REI] [REIPlugin END] Reloading Section: "post-register/REI Plugin Compatibilities Server Handler of REI Plugin Compatibilities Server Handler [rei_plugin_compatibilities, jei]/" done in 6.532 μs
[12:04:32] [Worker-Main1/TRACE] [REI] [REIPlugin END] Reloading Section: "post-register/" done in 238.6 μs
[12:04:32] [Worker-Main1/DEBUG] [REI] ========================================
[12:04:32] [Worker-Main1/INFO] [REI] REIPlugin finished post-reload for END in 304.5 μs, totaling 30.22 ms.
[12:04:32] [Worker-Main1/DEBUG] [REI] ========================================
[12:04:32] [Worker-Main1/DEBUG] [REI] ========================================
[12:04:32] [Worker-Main1/DEBUG] [REI] REIServerPlugin starting post-reload for END.
[12:04:32] [Worker-Main1/DEBUG] [REI] Reloadables (1):
[12:04:32] [Worker-Main1/DEBUG] [REI]  - MenuInfoRegistryImpl
[12:04:32] [Worker-Main1/DEBUG] [REI] Plugins (3):
[12:04:32] [Worker-Main1/DEBUG] [REI]  - (-100.00) DefaultPluginImpl of DefaultPluginImpl [roughlyenoughitems]
[12:04:32] [Worker-Main1/DEBUG] [REI]  - (0.00) REI Plugin Compatibilities Server Handler of REI Plugin Compatibilities Server Handler [rei_plugin_compatibilities, jei]
[12:04:32] [Worker-Main1/DEBUG] [REI]  - (0.00) DefaultRuntimePlugin of DefaultRuntimePlugin [roughlyenoughitems]
[12:04:32] [Worker-Main1/DEBUG] [REI] ========================================
[12:04:32] [Worker-Main1/TRACE] [REI] [REIServerPlugin END] Reloading Section: "post-register/"
[12:04:32] [Worker-Main1/TRACE] [REI] [REIServerPlugin END] Reloading Section: "post-register/DefaultPluginImpl of DefaultPluginImpl [roughlyenoughitems]/"
[12:04:32] [Worker-Main1/TRACE] [REI] [REIServerPlugin END] Reloading Section: "post-register/DefaultPluginImpl of DefaultPluginImpl [roughlyenoughitems]/" done in 9.097 μs
[12:04:32] [Worker-Main1/TRACE] [REI] [REIServerPlugin END] Reloading Section: "post-register/REI Plugin Compatibilities Server Handler of REI Plugin Compatibilities Server Handler [rei_plugin_compatibilities, jei]/"
[12:04:32] [Worker-Main1/TRACE] [REI] [REIServerPlugin END] Reloading Section: "post-register/REI Plugin Compatibilities Server Handler of REI Plugin Compatibilities Server Handler [rei_plugin_compatibilities, jei]/" done in 7.664 μs
[12:04:32] [Worker-Main1/TRACE] [REI] [REIServerPlugin END] Reloading Section: "post-register/DefaultRuntimePlugin of DefaultRuntimePlugin [roughlyenoughitems]/"
[12:04:32] [Worker-Main1/TRACE] [REI] [REIServerPlugin END] Reloading Section: "post-register/DefaultRuntimePlugin of DefaultRuntimePlugin [roughlyenoughitems]/" done in 8.385 μs
[12:04:32] [Worker-Main1/TRACE] [REI] [REIServerPlugin END] Reloading Section: "post-register/" done in 300.0 μs
[12:04:32] [Worker-Main1/DEBUG] [REI] ========================================
[12:04:32] [Worker-Main1/INFO] [REI] REIServerPlugin finished post-reload for END in 398.7 μs, totaling 11.14 ms.
[12:04:32] [Worker-Main1/DEBUG] [REI] ========================================
